2025-03-31T02:19:05.837Z [32minfo[39m: ë°ì´í„°ë² ì´ìŠ¤ ì—°ê²° ì„±ê³µ
2025-03-31T02:19:05.865Z [32minfo[39m: í¬ë¡¤ë§ ì‘ì—…ì´ ìŠ¤ì¼€ì¤„ë§ë˜ì—ˆìŠµë‹ˆë‹¤
2025-03-31T02:19:05.865Z [32minfo[39m: í¬ë¡¤ëŸ¬ ì„œë²„ê°€ í¬íŠ¸ 3001ì—ì„œ ì‹¤í–‰ ì¤‘ì…ë‹ˆë‹¤
2025-03-31T02:19:48.236Z [32minfo[39m: munpia í¬ë¡¤ë§ ì‘ì—… ìš”ì²­ ë°›ìŒ (ë””ë²„ê¹… ëª¨ë“œ: ë¹„í™œì„±í™”)
2025-03-31T02:19:48.237Z [32minfo[39m: munpia í¬ë¡¤ëŸ¬ ì´ˆê¸°í™” ì¤‘
2025-03-31T02:19:48.237Z [32minfo[39m: ë¸Œë¼ìš°ì € ì´ˆê¸°í™” ì¤‘...
2025-03-31T02:19:48.963Z [32minfo[39m: ë¸Œë¼ìš°ì € ì´ˆê¸°í™” ì„±ê³µ
2025-03-31T02:19:49.178Z [32minfo[39m: munpia í¬ë¡¤ë§ ì‹œì‘ (ë¡œê·¸ ID: 41)
2025-03-31T02:19:49.179Z [32minfo[39m: ë¬¸í”¼ì•„ ë² ìŠ¤íŠ¸ í˜ì´ì§€ í¬ë¡¤ë§ ì‹œì‘
2025-03-31T02:19:49.180Z [32minfo[39m: í˜ì´ì§€ ì´ë™: https://www.munpia.com/page/best
2025-03-31T02:20:06.855Z [32minfo[39m: ë¬¸í”¼ì•„ ë² ìŠ¤íŠ¸ì—ì„œ 12ê°œì˜ ì†Œì„¤ì„ ì°¾ì•˜ìŠµë‹ˆë‹¤
2025-03-31T02:20:06.856Z [32minfo[39m: ì†Œì„¤ ìƒì„¸ ì •ë³´ ê°€ì ¸ì˜¤ê¸°: ê°ì„±í–ˆë”ë‹ˆ ì‹ ì˜ê°€ ë˜ì—ˆë‹¤
2025-03-31T02:20:06.856Z [32minfo[39m: í˜ì´ì§€ ì´ë™: https://novel.munpia.com/451926
2025-03-31T02:20:17.634Z [34mdebug[39m: saveNovel ì‹œì‘ - ë°ì´í„°: {"title":"ê°ì„±í–ˆë”ë‹ˆ ì‹ ì˜ê°€ ë˜ì—ˆë‹¤","author":"ê³„ë€íƒ","genre":"í˜„ëŒ€íŒíƒ€ì§€, íŒíƒ€ì§€","coverImageUrl":"https://cdn1.munpia.com/v2/files/cover/2025/0319/11/EsJhDJtO0AAtb.jpg","url":"https://novel.munpia.com/451926","externalId":"451926","platform":"munpia","description":"","viewCount":0,"rating":0,"reviewCount":0,"isPaid":false,"price":0,"platformGenre":"í˜„ëŒ€íŒíƒ€ì§€, íŒíƒ€ì§€","status":"ONGOING","popularity":0}
2025-03-31T02:20:17.635Z [34mdebug[39m: ì •ê·œí™”ëœ ì œëª©: ê°ì„±í–ˆë”ë‹ˆ_ì‹ ì˜ê°€_ë˜ì—ˆë‹¤, ì‘ê°€: ê³„ë€íƒ
2025-03-31T02:20:17.637Z [34mdebug[39m: ê¸°ì¡´ ì†Œì„¤ ë°œê²¬ (ID: 11), ì—…ë°ì´íŠ¸ ì‹œì‘
2025-03-31T02:20:17.638Z [34mdebug[39m: ì†Œì„¤ ê¸°ë³¸ ì •ë³´ ì—…ë°ì´íŠ¸ ì™„ë£Œ
2025-03-31T02:20:17.639Z [34mdebug[39m: í”Œë«í¼ ì •ë³´ ì²˜ë¦¬ ì‹œì‘: munpia
2025-03-31T02:20:17.640Z [34mdebug[39m: ê¸°ì¡´ í”Œë«í¼ ì •ë³´ ì—…ë°ì´íŠ¸ (ID: 12)
2025-03-31T02:20:17.641Z [34mdebug[39m: í”Œë«í¼ ì •ë³´ ì²˜ë¦¬ ì™„ë£Œ
2025-03-31T02:20:17.643Z [34mdebug[39m: íŠ¸ëœì­ì…˜ ì»¤ë°‹ ì™„ë£Œ
2025-03-31T02:20:17.643Z [32minfo[39m: ì†Œì„¤ ì €ì¥ ì™„ë£Œ: ê°ì„±í–ˆë”ë‹ˆ ì‹ ì˜ê°€ ë˜ì—ˆë‹¤ (ID: 11)
2025-03-31T02:20:20.016Z [32minfo[39m: ì†Œì„¤ ìƒì„¸ ì •ë³´ ê°€ì ¸ì˜¤ê¸°: ê³ ë ¤ì—ì„œ ì¹˜íŠ¸ ì—†ì´ ë¬¸ëª…í•©ë‹ˆë‹¤
2025-03-31T02:20:20.017Z [32minfo[39m: í˜ì´ì§€ ì´ë™: https://novel.munpia.com/442239
2025-03-31T02:20:22.088Z [31merror[39m: í˜ì´ì§€ ì½˜ì†” ì˜¤ë¥˜: Failed to load resource: net::ERR_NAME_NOT_RESOLVED
2025-03-31T02:20:29.597Z [34mdebug[39m: saveNovel ì‹œì‘ - ë°ì´í„°: {"title":"ê³ ë ¤ì—ì„œ ì¹˜íŠ¸ ì—†ì´ ë¬¸ëª…í•©ë‹ˆë‹¤","author":"ê¸´ëª©ìˆ¨","genre":"ëŒ€ì²´ì—­ì‚¬, íŒíƒ€ì§€","coverImageUrl":"https://cdn1.munpia.com/v2/files/cover/2025/0205/18/EoytYyoNsAAtb.jpg","url":"https://novel.munpia.com/442239","externalId":"442239","platform":"munpia","description":"","viewCount":0,"rating":0,"reviewCount":0,"isPaid":false,"price":0,"platformGenre":"ëŒ€ì²´ì—­ì‚¬, íŒíƒ€ì§€","status":"ONGOING","popularity":0}
2025-03-31T02:20:29.598Z [34mdebug[39m: ì •ê·œí™”ëœ ì œëª©: ê³ ë ¤ì—ì„œ_ì¹˜íŠ¸_ì—†ì´_ë¬¸ëª…í•©ë‹ˆë‹¤, ì‘ê°€: ê¸´ëª©ìˆ¨
2025-03-31T02:20:29.598Z [34mdebug[39m: ê¸°ì¡´ ì†Œì„¤ ë°œê²¬ (ID: 12), ì—…ë°ì´íŠ¸ ì‹œì‘
2025-03-31T02:20:29.599Z [34mdebug[39m: ì†Œì„¤ ê¸°ë³¸ ì •ë³´ ì—…ë°ì´íŠ¸ ì™„ë£Œ
2025-03-31T02:20:29.599Z [34mdebug[39m: í”Œë«í¼ ì •ë³´ ì²˜ë¦¬ ì‹œì‘: munpia
2025-03-31T02:20:29.600Z [34mdebug[39m: ê¸°ì¡´ í”Œë«í¼ ì •ë³´ ì—…ë°ì´íŠ¸ (ID: 13)
2025-03-31T02:20:29.600Z [34mdebug[39m: í”Œë«í¼ ì •ë³´ ì²˜ë¦¬ ì™„ë£Œ
2025-03-31T02:20:29.602Z [34mdebug[39m: íŠ¸ëœì­ì…˜ ì»¤ë°‹ ì™„ë£Œ
2025-03-31T02:20:29.602Z [32minfo[39m: ì†Œì„¤ ì €ì¥ ì™„ë£Œ: ê³ ë ¤ì—ì„œ ì¹˜íŠ¸ ì—†ì´ ë¬¸ëª…í•©ë‹ˆë‹¤ (ID: 12)
2025-03-31T02:20:32.004Z [32minfo[39m: ì†Œì„¤ ìƒì„¸ ì •ë³´ ê°€ì ¸ì˜¤ê¸°: ëŒì—° ë¯¸ì¹˜ê²Œ ì˜ìƒê²¼ë”ë‹ˆ ì„¸ìƒì´ ì‰½ë‹¤
2025-03-31T02:20:32.004Z [32minfo[39m: í˜ì´ì§€ ì´ë™: https://novel.munpia.com/446212
2025-03-31T02:20:42.446Z [34mdebug[39m: saveNovel ì‹œì‘ - ë°ì´í„°: {"title":"ëŒì—° ë¯¸ì¹˜ê²Œ ì˜ìƒê²¼ë”ë‹ˆ ì„¸ìƒì´ ì‰½ë‹¤","author":"ì¥íƒ„","genre":"í˜„ëŒ€íŒíƒ€ì§€, íŒíƒ€ì§€","coverImageUrl":"https://cdn1.munpia.com/v2/files/cover/2025/0210/12/EpLDjyWeIAAtb.jpg","url":"https://novel.munpia.com/446212","externalId":"446212","platform":"munpia","description":"","viewCount":0,"rating":0,"reviewCount":0,"isPaid":false,"price":0,"platformGenre":"í˜„ëŒ€íŒíƒ€ì§€, íŒíƒ€ì§€","status":"ONGOING","popularity":0}
2025-03-31T02:20:42.447Z [34mdebug[39m: ì •ê·œí™”ëœ ì œëª©: ëŒì—°_ë¯¸ì¹˜ê²Œ_ì˜ìƒê²¼ë”ë‹ˆ_ì„¸ìƒì´_ì‰½ë‹¤, ì‘ê°€: ì¥íƒ„
2025-03-31T02:20:42.447Z [34mdebug[39m: ê¸°ì¡´ ì†Œì„¤ ë°œê²¬ (ID: 13), ì—…ë°ì´íŠ¸ ì‹œì‘
2025-03-31T02:20:42.448Z [34mdebug[39m: ì†Œì„¤ ê¸°ë³¸ ì •ë³´ ì—…ë°ì´íŠ¸ ì™„ë£Œ
2025-03-31T02:20:42.448Z [34mdebug[39m: í”Œë«í¼ ì •ë³´ ì²˜ë¦¬ ì‹œì‘: munpia
2025-03-31T02:20:42.449Z [34mdebug[39m: ê¸°ì¡´ í”Œë«í¼ ì •ë³´ ì—…ë°ì´íŠ¸ (ID: 14)
2025-03-31T02:20:42.449Z [34mdebug[39m: í”Œë«í¼ ì •ë³´ ì²˜ë¦¬ ì™„ë£Œ
2025-03-31T02:20:42.451Z [34mdebug[39m: íŠ¸ëœì­ì…˜ ì»¤ë°‹ ì™„ë£Œ
2025-03-31T02:20:42.451Z [32minfo[39m: ì†Œì„¤ ì €ì¥ ì™„ë£Œ: ëŒì—° ë¯¸ì¹˜ê²Œ ì˜ìƒê²¼ë”ë‹ˆ ì„¸ìƒì´ ì‰½ë‹¤ (ID: 13)
2025-03-31T02:20:45.006Z [32minfo[39m: ì†Œì„¤ ìƒì„¸ ì •ë³´ ê°€ì ¸ì˜¤ê¸°: ì „ì§ ëª©ì‚¬ê°€ ì´ì„¸ê³„ì—ì„œ ì‚´ì•„ê°€ëŠ” ë²•
2025-03-31T02:20:45.006Z [32minfo[39m: í˜ì´ì§€ ì´ë™: https://novel.munpia.com/418672
2025-03-31T02:20:54.968Z [34mdebug[39m: saveNovel ì‹œì‘ - ë°ì´í„°: {"title":"ì „ì§ ëª©ì‚¬ê°€ ì´ì„¸ê³„ì—ì„œ ì‚´ì•„ê°€ëŠ” ë²•","author":"ë§˜ëª¨ìŠ¤XM","genre":"íŒíƒ€ì§€, í“¨ì „","coverImageUrl":"https://cdn1.munpia.com/v2/files/cover/2024/0715/20/EYTTTDTDAAAtb.jpg","url":"https://novel.munpia.com/418672","externalId":"418672","platform":"munpia","description":"","viewCount":0,"rating":0,"reviewCount":0,"isPaid":false,"price":0,"platformGenre":"íŒíƒ€ì§€, í“¨ì „","status":"ONGOING","popularity":0}
2025-03-31T02:20:54.968Z [34mdebug[39m: ì •ê·œí™”ëœ ì œëª©: ì „ì§_ëª©ì‚¬ê°€_ì´ì„¸ê³„ì—ì„œ_ì‚´ì•„ê°€ëŠ”_ë²•, ì‘ê°€: ë§˜ëª¨ìŠ¤xm
2025-03-31T02:20:54.969Z [34mdebug[39m: ê¸°ì¡´ ì†Œì„¤ ë°œê²¬ (ID: 14), ì—…ë°ì´íŠ¸ ì‹œì‘
2025-03-31T02:20:54.969Z [34mdebug[39m: ì†Œì„¤ ê¸°ë³¸ ì •ë³´ ì—…ë°ì´íŠ¸ ì™„ë£Œ
2025-03-31T02:20:54.969Z [34mdebug[39m: í”Œë«í¼ ì •ë³´ ì²˜ë¦¬ ì‹œì‘: munpia
2025-03-31T02:20:54.970Z [34mdebug[39m: ê¸°ì¡´ í”Œë«í¼ ì •ë³´ ì—…ë°ì´íŠ¸ (ID: 15)
2025-03-31T02:20:54.970Z [34mdebug[39m: í”Œë«í¼ ì •ë³´ ì²˜ë¦¬ ì™„ë£Œ
2025-03-31T02:20:54.972Z [34mdebug[39m: íŠ¸ëœì­ì…˜ ì»¤ë°‹ ì™„ë£Œ
2025-03-31T02:20:54.972Z [32minfo[39m: ì†Œì„¤ ì €ì¥ ì™„ë£Œ: ì „ì§ ëª©ì‚¬ê°€ ì´ì„¸ê³„ì—ì„œ ì‚´ì•„ê°€ëŠ” ë²• (ID: 14)
2025-03-31T02:20:57.565Z [32minfo[39m: ì†Œì„¤ ìƒì„¸ ì •ë³´ ê°€ì ¸ì˜¤ê¸°: ì˜¤ë¹ ê°€ ì²œì¬ì˜€ë‹¤.
2025-03-31T02:20:57.565Z [32minfo[39m: í˜ì´ì§€ ì´ë™: https://novel.munpia.com/406911
2025-03-31T02:21:07.778Z [34mdebug[39m: saveNovel ì‹œì‘ - ë°ì´í„°: {"title":"ì˜¤ë¹ ê°€ ì²œì¬ì˜€ë‹¤.","author":"ì‹œí•˜","genre":"í˜„ëŒ€íŒíƒ€ì§€, ë“œë¼ë§ˆ","coverImageUrl":"https://cdn1.munpia.com/files/attach/2024/0731/004/TVBp0qtX07QeezKm.jpegtb.jpg","url":"https://novel.munpia.com/406911","externalId":"406911","platform":"munpia","description":"","viewCount":0,"rating":0,"reviewCount":0,"isPaid":false,"price":0,"platformGenre":"í˜„ëŒ€íŒíƒ€ì§€, ë“œë¼ë§ˆ","status":"ONGOING","popularity":0}
2025-03-31T02:21:07.779Z [34mdebug[39m: ì •ê·œí™”ëœ ì œëª©: ì˜¤ë¹ ê°€_ì²œì¬ì˜€ë‹¤, ì‘ê°€: ì‹œí•˜
2025-03-31T02:21:07.780Z [34mdebug[39m: ê¸°ì¡´ ì†Œì„¤ ë°œê²¬ (ID: 15), ì—…ë°ì´íŠ¸ ì‹œì‘
2025-03-31T02:21:07.780Z [34mdebug[39m: ì†Œì„¤ ê¸°ë³¸ ì •ë³´ ì—…ë°ì´íŠ¸ ì™„ë£Œ
2025-03-31T02:21:07.780Z [34mdebug[39m: í”Œë«í¼ ì •ë³´ ì²˜ë¦¬ ì‹œì‘: munpia
2025-03-31T02:21:07.781Z [34mdebug[39m: ê¸°ì¡´ í”Œë«í¼ ì •ë³´ ì—…ë°ì´íŠ¸ (ID: 16)
2025-03-31T02:21:07.781Z [34mdebug[39m: í”Œë«í¼ ì •ë³´ ì²˜ë¦¬ ì™„ë£Œ
2025-03-31T02:21:07.783Z [34mdebug[39m: íŠ¸ëœì­ì…˜ ì»¤ë°‹ ì™„ë£Œ
2025-03-31T02:21:07.783Z [32minfo[39m: ì†Œì„¤ ì €ì¥ ì™„ë£Œ: ì˜¤ë¹ ê°€ ì²œì¬ì˜€ë‹¤. (ID: 15)
2025-03-31T02:21:10.467Z [32minfo[39m: ì†Œì„¤ ìƒì„¸ ì •ë³´ ê°€ì ¸ì˜¤ê¸°: ëŒ€ì˜ì œêµ­ì˜ ìˆ¨ì€ ê±°ë¬¼ì´ ë˜ì—ˆë‹¤
2025-03-31T02:21:10.468Z [32minfo[39m: í˜ì´ì§€ ì´ë™: https://novel.munpia.com/354363
2025-03-31T02:21:19.340Z [34mdebug[39m: saveNovel ì‹œì‘ - ë°ì´í„°: {"title":"ëŒ€ì˜ì œêµ­ì˜ ìˆ¨ì€ ê±°ë¬¼ì´ ë˜ì—ˆë‹¤","author":"í­ì‹ë§ˆì™•","genre":"ëŒ€ì²´ì—­ì‚¬, ì „ìŸÂ·ë°€ë¦¬í„°ë¦¬","coverImageUrl":"https://cdn1.munpia.com/files/attach/2024/0416/004/4DKL3UwOMAqihfOl.jpgtb.jpg","url":"https://novel.munpia.com/354363","externalId":"354363","platform":"munpia","description":"","viewCount":0,"rating":0,"reviewCount":0,"isPaid":false,"price":0,"platformGenre":"ëŒ€ì²´ì—­ì‚¬, ì „ìŸÂ·ë°€ë¦¬í„°ë¦¬","status":"ONGOING","popularity":0}
2025-03-31T02:21:19.340Z [34mdebug[39m: ì •ê·œí™”ëœ ì œëª©: ëŒ€ì˜ì œêµ­ì˜_ìˆ¨ì€_ê±°ë¬¼ì´_ë˜ì—ˆë‹¤, ì‘ê°€: í­ì‹ë§ˆì™•
2025-03-31T02:21:19.341Z [34mdebug[39m: ê¸°ì¡´ ì†Œì„¤ ë°œê²¬ (ID: 16), ì—…ë°ì´íŠ¸ ì‹œì‘
2025-03-31T02:21:19.342Z [34mdebug[39m: ì†Œì„¤ ê¸°ë³¸ ì •ë³´ ì—…ë°ì´íŠ¸ ì™„ë£Œ
2025-03-31T02:21:19.342Z [34mdebug[39m: í”Œë«í¼ ì •ë³´ ì²˜ë¦¬ ì‹œì‘: munpia
2025-03-31T02:21:19.342Z [34mdebug[39m: ê¸°ì¡´ í”Œë«í¼ ì •ë³´ ì—…ë°ì´íŠ¸ (ID: 17)
2025-03-31T02:21:19.343Z [34mdebug[39m: í”Œë«í¼ ì •ë³´ ì²˜ë¦¬ ì™„ë£Œ
2025-03-31T02:21:19.345Z [34mdebug[39m: íŠ¸ëœì­ì…˜ ì»¤ë°‹ ì™„ë£Œ
2025-03-31T02:21:19.345Z [32minfo[39m: ì†Œì„¤ ì €ì¥ ì™„ë£Œ: ëŒ€ì˜ì œêµ­ì˜ ìˆ¨ì€ ê±°ë¬¼ì´ ë˜ì—ˆë‹¤ (ID: 16)
2025-03-31T02:21:21.711Z [32minfo[39m: ì†Œì„¤ ìƒì„¸ ì •ë³´ ê°€ì ¸ì˜¤ê¸°: ê²½í—˜ì¹˜ë¡œ ì´ˆì›”í•˜ëŠ” 0ë ˆë²¨ í”Œë ˆì´ì–´
2025-03-31T02:21:21.711Z [32minfo[39m: í˜ì´ì§€ ì´ë™: https://novel.munpia.com/458043
2025-03-31T02:21:30.963Z [34mdebug[39m: saveNovel ì‹œì‘ - ë°ì´í„°: {"title":"ê²½í—˜ì¹˜ë¡œ ì´ˆì›”í•˜ëŠ” 0ë ˆë²¨ í”Œë ˆì´ì–´","author":"ì¹˜íŠ¸í‚¤","genre":"í˜„ëŒ€íŒíƒ€ì§€, íŒíƒ€ì§€","coverImageUrl":"https://cdn1.munpia.com/v2/files/cover/2025/0310/14/Erb1Ip-HUAAtb.jpg","url":"https://novel.munpia.com/458043","externalId":"458043","platform":"munpia","description":"","viewCount":0,"rating":0,"reviewCount":0,"isPaid":false,"price":0,"platformGenre":"í˜„ëŒ€íŒíƒ€ì§€, íŒíƒ€ì§€","status":"ONGOING","popularity":0}
2025-03-31T02:21:30.964Z [34mdebug[39m: ì •ê·œí™”ëœ ì œëª©: ê²½í—˜ì¹˜ë¡œ_ì´ˆì›”í•˜ëŠ”_0ë ˆë²¨_í”Œë ˆì´ì–´, ì‘ê°€: ì¹˜íŠ¸í‚¤
2025-03-31T02:21:30.964Z [34mdebug[39m: ê¸°ì¡´ ì†Œì„¤ ë°œê²¬ (ID: 17), ì—…ë°ì´íŠ¸ ì‹œì‘
2025-03-31T02:21:30.965Z [34mdebug[39m: ì†Œì„¤ ê¸°ë³¸ ì •ë³´ ì—…ë°ì´íŠ¸ ì™„ë£Œ
2025-03-31T02:21:30.965Z [34mdebug[39m: í”Œë«í¼ ì •ë³´ ì²˜ë¦¬ ì‹œì‘: munpia
2025-03-31T02:21:30.965Z [34mdebug[39m: ê¸°ì¡´ í”Œë«í¼ ì •ë³´ ì—…ë°ì´íŠ¸ (ID: 18)
2025-03-31T02:21:30.966Z [34mdebug[39m: í”Œë«í¼ ì •ë³´ ì²˜ë¦¬ ì™„ë£Œ
2025-03-31T02:21:30.967Z [34mdebug[39m: íŠ¸ëœì­ì…˜ ì»¤ë°‹ ì™„ë£Œ
2025-03-31T02:21:30.968Z [32minfo[39m: ì†Œì„¤ ì €ì¥ ì™„ë£Œ: ê²½í—˜ì¹˜ë¡œ ì´ˆì›”í•˜ëŠ” 0ë ˆë²¨ í”Œë ˆì´ì–´ (ID: 17)
2025-03-31T02:21:33.859Z [32minfo[39m: ì†Œì„¤ ìƒì„¸ ì •ë³´ ê°€ì ¸ì˜¤ê¸°: ì•„ê³µê°„ ìŠˆí¼ë§ˆì¼“ì— ì–´ì„œì˜¤ì„¸ìš”
2025-03-31T02:21:33.860Z [32minfo[39m: í˜ì´ì§€ ì´ë™: https://novel.munpia.com/457490
2025-03-31T02:21:35.902Z [31merror[39m: í˜ì´ì§€ ì½˜ì†” ì˜¤ë¥˜: Failed to load resource: net::ERR_NAME_NOT_RESOLVED
2025-03-31T02:21:43.250Z [34mdebug[39m: saveNovel ì‹œì‘ - ë°ì´í„°: {"title":"ì•„ê³µê°„ ìŠˆí¼ë§ˆì¼“ì— ì–´ì„œì˜¤ì„¸ìš”","author":"ì •ì„ì—°ì¬","genre":"í˜„ëŒ€íŒíƒ€ì§€, í“¨ì „","coverImageUrl":"https://cdn1.munpia.com/v2/files/tcover/2025/0206/23/Eo40eoPvIAAtb.jpg","url":"https://novel.munpia.com/457490","externalId":"457490","platform":"munpia","description":"","viewCount":0,"rating":0,"reviewCount":0,"isPaid":false,"price":0,"platformGenre":"í˜„ëŒ€íŒíƒ€ì§€, í“¨ì „","status":"ONGOING","popularity":0}
2025-03-31T02:21:43.250Z [34mdebug[39m: ì •ê·œí™”ëœ ì œëª©: ì•„ê³µê°„_ìŠˆí¼ë§ˆì¼“ì—_ì–´ì„œì˜¤ì„¸ìš”, ì‘ê°€: ì •ì„ì—°ì¬
2025-03-31T02:21:43.251Z [34mdebug[39m: ê¸°ì¡´ ì†Œì„¤ ë°œê²¬ (ID: 18), ì—…ë°ì´íŠ¸ ì‹œì‘
2025-03-31T02:21:43.251Z [34mdebug[39m: ì†Œì„¤ ê¸°ë³¸ ì •ë³´ ì—…ë°ì´íŠ¸ ì™„ë£Œ
2025-03-31T02:21:43.251Z [34mdebug[39m: í”Œë«í¼ ì •ë³´ ì²˜ë¦¬ ì‹œì‘: munpia
2025-03-31T02:21:43.252Z [34mdebug[39m: ê¸°ì¡´ í”Œë«í¼ ì •ë³´ ì—…ë°ì´íŠ¸ (ID: 19)
2025-03-31T02:21:43.252Z [34mdebug[39m: í”Œë«í¼ ì •ë³´ ì²˜ë¦¬ ì™„ë£Œ
2025-03-31T02:21:43.254Z [34mdebug[39m: íŠ¸ëœì­ì…˜ ì»¤ë°‹ ì™„ë£Œ
2025-03-31T02:21:43.254Z [32minfo[39m: ì†Œì„¤ ì €ì¥ ì™„ë£Œ: ì•„ê³µê°„ ìŠˆí¼ë§ˆì¼“ì— ì–´ì„œì˜¤ì„¸ìš” (ID: 18)
2025-03-31T02:21:46.228Z [32minfo[39m: ì†Œì„¤ ìƒì„¸ ì •ë³´ ê°€ì ¸ì˜¤ê¸°: ì²œì¬ ë‰´ë¹„ì˜ í¡ìˆ˜ìˆ˜ì„ ì „
2025-03-31T02:21:46.229Z [32minfo[39m: í˜ì´ì§€ ì´ë™: https://novel.munpia.com/454166
2025-03-31T02:21:54.765Z [34mdebug[39m: saveNovel ì‹œì‘ - ë°ì´í„°: {"title":"ì²œì¬ ë‰´ë¹„ì˜ í¡ìˆ˜ìˆ˜ì„ ì „","author":"ë§ë£¡(èŸ’é¾)","genre":"ë¬´í˜‘, í“¨ì „","coverImageUrl":"https://cdn1.munpia.com/v2/files/tcover/2025/0217/13/EpvbqAOK4AAtb.jpg","url":"https://novel.munpia.com/454166","externalId":"454166","platform":"munpia","description":"","viewCount":0,"rating":0,"reviewCount":0,"isPaid":false,"price":0,"platformGenre":"ë¬´í˜‘, í“¨ì „","status":"ONGOING","popularity":0}
2025-03-31T02:21:54.766Z [34mdebug[39m: ì •ê·œí™”ëœ ì œëª©: ì²œì¬_ë‰´ë¹„ì˜_í¡ìˆ˜ìˆ˜ì„ ì „, ì‘ê°€: ë§ë£¡
2025-03-31T02:21:54.767Z [34mdebug[39m: ê¸°ì¡´ ì†Œì„¤ ë°œê²¬ (ID: 19), ì—…ë°ì´íŠ¸ ì‹œì‘
2025-03-31T02:21:54.767Z [34mdebug[39m: ì†Œì„¤ ê¸°ë³¸ ì •ë³´ ì—…ë°ì´íŠ¸ ì™„ë£Œ
2025-03-31T02:21:54.767Z [34mdebug[39m: í”Œë«í¼ ì •ë³´ ì²˜ë¦¬ ì‹œì‘: munpia
2025-03-31T02:21:54.768Z [34mdebug[39m: ê¸°ì¡´ í”Œë«í¼ ì •ë³´ ì—…ë°ì´íŠ¸ (ID: 20)
2025-03-31T02:21:54.768Z [34mdebug[39m: í”Œë«í¼ ì •ë³´ ì²˜ë¦¬ ì™„ë£Œ
2025-03-31T02:21:54.770Z [34mdebug[39m: íŠ¸ëœì­ì…˜ ì»¤ë°‹ ì™„ë£Œ
2025-03-31T02:21:54.770Z [32minfo[39m: ì†Œì„¤ ì €ì¥ ì™„ë£Œ: ì²œì¬ ë‰´ë¹„ì˜ í¡ìˆ˜ìˆ˜ì„ ì „ (ID: 19)
2025-03-31T02:21:57.054Z [32minfo[39m: ì†Œì„¤ ìƒì„¸ ì •ë³´ ê°€ì ¸ì˜¤ê¸°: ë°©ì†¡ì²œì¬ê°€ ë¼ì´ë¸Œë¡œ ì‚¬ê±´ì„ í•´ê²°í•¨
2025-03-31T02:21:57.054Z [32minfo[39m: í˜ì´ì§€ ì´ë™: https://novel.munpia.com/455487
2025-03-31T02:22:07.214Z [34mdebug[39m: saveNovel ì‹œì‘ - ë°ì´í„°: {"title":"ë°©ì†¡ì²œì¬ê°€ ë¼ì´ë¸Œë¡œ ì‚¬ê±´ì„ í•´ê²°í•¨","author":"ì¥ì„±í•„","genre":"í˜„ëŒ€íŒíƒ€ì§€","coverImageUrl":"https://cdn1.munpia.com/v2/files/cover/2025/0322/15/EsZs49FYkAAtb.jpg","url":"https://novel.munpia.com/455487","externalId":"455487","platform":"munpia","description":"","viewCount":0,"rating":0,"reviewCount":0,"isPaid":false,"price":0,"platformGenre":"í˜„ëŒ€íŒíƒ€ì§€","status":"ONGOING","popularity":0}
2025-03-31T02:22:07.215Z [34mdebug[39m: ì •ê·œí™”ëœ ì œëª©: ë°©ì†¡ì²œì¬ê°€_ë¼ì´ë¸Œë¡œ_ì‚¬ê±´ì„_í•´ê²°í•¨, ì‘ê°€: ì¥ì„±í•„
2025-03-31T02:22:07.215Z [34mdebug[39m: ê¸°ì¡´ ì†Œì„¤ ë°œê²¬ (ID: 20), ì—…ë°ì´íŠ¸ ì‹œì‘
2025-03-31T02:22:07.216Z [34mdebug[39m: ì†Œì„¤ ê¸°ë³¸ ì •ë³´ ì—…ë°ì´íŠ¸ ì™„ë£Œ
2025-03-31T02:22:07.216Z [34mdebug[39m: í”Œë«í¼ ì •ë³´ ì²˜ë¦¬ ì‹œì‘: munpia
2025-03-31T02:22:07.216Z [34mdebug[39m: ê¸°ì¡´ í”Œë«í¼ ì •ë³´ ì—…ë°ì´íŠ¸ (ID: 21)
2025-03-31T02:22:07.217Z [34mdebug[39m: í”Œë«í¼ ì •ë³´ ì²˜ë¦¬ ì™„ë£Œ
2025-03-31T02:22:07.219Z [34mdebug[39m: íŠ¸ëœì­ì…˜ ì»¤ë°‹ ì™„ë£Œ
2025-03-31T02:22:07.219Z [32minfo[39m: ì†Œì„¤ ì €ì¥ ì™„ë£Œ: ë°©ì†¡ì²œì¬ê°€ ë¼ì´ë¸Œë¡œ ì‚¬ê±´ì„ í•´ê²°í•¨ (ID: 20)
2025-03-31T02:22:09.514Z [32minfo[39m: ì†Œì„¤ ìƒì„¸ ì •ë³´ ê°€ì ¸ì˜¤ê¸°: íëŸ¬ê°€ ë¬´ë¦¼ì—ì„œ ì‚´ì•„ê°€ëŠ” ë²•
2025-03-31T02:22:09.514Z [32minfo[39m: í˜ì´ì§€ ì´ë™: https://novel.munpia.com/456968
2025-03-31T02:22:18.812Z [34mdebug[39m: saveNovel ì‹œì‘ - ë°ì´í„°: {"title":"íëŸ¬ê°€ ë¬´ë¦¼ì—ì„œ ì‚´ì•„ê°€ëŠ” ë²•","author":"ìœ ì„œëŒ","genre":"ë¬´í˜‘, í“¨ì „","coverImageUrl":"https://cdn1.munpia.com/v2/files/cover/2025/0306/02/ErEnMC5AcAAtb.jpg","url":"https://novel.munpia.com/456968","externalId":"456968","platform":"munpia","description":"","viewCount":0,"rating":0,"reviewCount":0,"isPaid":false,"price":0,"platformGenre":"ë¬´í˜‘, í“¨ì „","status":"ONGOING","popularity":0}
2025-03-31T02:22:18.813Z [34mdebug[39m: ì •ê·œí™”ëœ ì œëª©: íëŸ¬ê°€_ë¬´ë¦¼ì—ì„œ_ì‚´ì•„ê°€ëŠ”_ë²•, ì‘ê°€: ìœ ì„œëŒ
2025-03-31T02:22:18.813Z [34mdebug[39m: ê¸°ì¡´ ì†Œì„¤ ë°œê²¬ (ID: 21), ì—…ë°ì´íŠ¸ ì‹œì‘
2025-03-31T02:22:18.814Z [34mdebug[39m: ì†Œì„¤ ê¸°ë³¸ ì •ë³´ ì—…ë°ì´íŠ¸ ì™„ë£Œ
2025-03-31T02:22:18.814Z [34mdebug[39m: í”Œë«í¼ ì •ë³´ ì²˜ë¦¬ ì‹œì‘: munpia
2025-03-31T02:22:18.814Z [34mdebug[39m: ê¸°ì¡´ í”Œë«í¼ ì •ë³´ ì—…ë°ì´íŠ¸ (ID: 22)
2025-03-31T02:22:18.815Z [34mdebug[39m: í”Œë«í¼ ì •ë³´ ì²˜ë¦¬ ì™„ë£Œ
2025-03-31T02:22:18.816Z [34mdebug[39m: íŠ¸ëœì­ì…˜ ì»¤ë°‹ ì™„ë£Œ
2025-03-31T02:22:18.816Z [32minfo[39m: ì†Œì„¤ ì €ì¥ ì™„ë£Œ: íëŸ¬ê°€ ë¬´ë¦¼ì—ì„œ ì‚´ì•„ê°€ëŠ” ë²• (ID: 21)
2025-03-31T02:22:21.287Z [32minfo[39m: ì†Œì„¤ ìƒì„¸ ì •ë³´ ê°€ì ¸ì˜¤ê¸°: ê·€í™˜í–ˆë”ë‹ˆ íƒ‘ê³µëµì´ ë„ˆë¬´ ì‰½ë‹¤
2025-03-31T02:22:21.288Z [32minfo[39m: í˜ì´ì§€ ì´ë™: https://novel.munpia.com/453862
2025-03-31T02:22:23.269Z [31merror[39m: í˜ì´ì§€ ì½˜ì†” ì˜¤ë¥˜: Failed to load resource: net::ERR_NAME_NOT_RESOLVED
2025-03-31T02:22:29.731Z [34mdebug[39m: saveNovel ì‹œì‘ - ë°ì´í„°: {"title":"ê·€í™˜í–ˆë”ë‹ˆ íƒ‘ê³µëµì´ ë„ˆë¬´ ì‰½ë‹¤","author":"ë†êµ¬ê´‘â„¢","genre":"í˜„ëŒ€íŒíƒ€ì§€, í“¨ì „","coverImageUrl":"https://cdn1.munpia.com/v2/files/cover/2025/0225/22/EqamaiWwgAAtb.jpg","url":"https://novel.munpia.com/453862","externalId":"453862","platform":"munpia","description":"","viewCount":0,"rating":0,"reviewCount":0,"isPaid":false,"price":0,"platformGenre":"í˜„ëŒ€íŒíƒ€ì§€, í“¨ì „","status":"ONGOING","popularity":0}
2025-03-31T02:22:29.732Z [34mdebug[39m: ì •ê·œí™”ëœ ì œëª©: ê·€í™˜í–ˆë”ë‹ˆ_íƒ‘ê³µëµì´_ë„ˆë¬´_ì‰½ë‹¤, ì‘ê°€: ë†êµ¬ê´‘
2025-03-31T02:22:29.732Z [34mdebug[39m: ê¸°ì¡´ ì†Œì„¤ ë°œê²¬ (ID: 22), ì—…ë°ì´íŠ¸ ì‹œì‘
2025-03-31T02:22:29.733Z [34mdebug[39m: ì†Œì„¤ ê¸°ë³¸ ì •ë³´ ì—…ë°ì´íŠ¸ ì™„ë£Œ
2025-03-31T02:22:29.733Z [34mdebug[39m: í”Œë«í¼ ì •ë³´ ì²˜ë¦¬ ì‹œì‘: munpia
2025-03-31T02:22:29.733Z [34mdebug[39m: ê¸°ì¡´ í”Œë«í¼ ì •ë³´ ì—…ë°ì´íŠ¸ (ID: 23)
2025-03-31T02:22:29.734Z [34mdebug[39m: í”Œë«í¼ ì •ë³´ ì²˜ë¦¬ ì™„ë£Œ
2025-03-31T02:22:29.735Z [34mdebug[39m: íŠ¸ëœì­ì…˜ ì»¤ë°‹ ì™„ë£Œ
2025-03-31T02:22:29.736Z [32minfo[39m: ì†Œì„¤ ì €ì¥ ì™„ë£Œ: ê·€í™˜í–ˆë”ë‹ˆ íƒ‘ê³µëµì´ ë„ˆë¬´ ì‰½ë‹¤ (ID: 22)
2025-03-31T02:22:32.192Z [32minfo[39m: munpia í¬ë¡¤ë§ ì™„ë£Œ, ìƒíƒœ: COMPLETED
2025-03-31T02:27:13.395Z [31merror[39m: í”Œë«í¼ ì†Œì„¤ ì¡°íšŒ ì‹¤íŒ¨: Incorrect arguments to mysqld_stmt_execute
2025-03-31T02:27:19.265Z [31merror[39m: í”Œë«í¼ ì†Œì„¤ ì¡°íšŒ ì‹¤íŒ¨: Incorrect arguments to mysqld_stmt_execute
2025-03-31T02:27:20.271Z [31merror[39m: í”Œë«í¼ ì†Œì„¤ ì¡°íšŒ ì‹¤íŒ¨: Incorrect arguments to mysqld_stmt_execute
2025-03-31T02:29:32.929Z [31merror[39m: í”Œë«í¼ ì†Œì„¤ ì¡°íšŒ ì‹¤íŒ¨: Incorrect arguments to mysqld_stmt_execute
2025-03-31T02:29:32.935Z [31merror[39m: í”Œë«í¼ ì†Œì„¤ ì¡°íšŒ ì‹¤íŒ¨: Incorrect arguments to mysqld_stmt_execute
2025-03-31T02:31:08.564Z [31merror[39m: í”Œë«í¼ ì†Œì„¤ ì¡°íšŒ ì‹¤íŒ¨: Incorrect arguments to mysqld_stmt_execute
2025-03-31T02:31:08.569Z [31merror[39m: í”Œë«í¼ ì†Œì„¤ ì¡°íšŒ ì‹¤íŒ¨: Incorrect arguments to mysqld_stmt_execute
2025-03-31T02:31:34.907Z [31merror[39m: í”Œë«í¼ ì†Œì„¤ ì¡°íšŒ ì‹¤íŒ¨: Incorrect arguments to mysqld_stmt_execute
2025-03-31T02:31:34.913Z [31merror[39m: í”Œë«í¼ ì†Œì„¤ ì¡°íšŒ ì‹¤íŒ¨: Incorrect arguments to mysqld_stmt_execute
2025-03-31T02:31:35.146Z [31merror[39m: í”Œë«í¼ ì†Œì„¤ ì¡°íšŒ ì‹¤íŒ¨: Incorrect arguments to mysqld_stmt_execute
2025-03-31T02:37:03.173Z [32minfo[39m: munpia í¬ë¡¤ë§ ì‘ì—… ìš”ì²­ ë°›ìŒ (ë””ë²„ê¹… ëª¨ë“œ: í™œì„±í™”)
2025-03-31T02:37:03.174Z [32minfo[39m: munpia í¬ë¡¤ëŸ¬ ì´ˆê¸°í™” ì¤‘
2025-03-31T02:37:19.075Z [32minfo[39m: ë¸Œë¼ìš°ì € ì—°ê²° í•´ì œë¨
2025-03-31T02:37:52.817Z [32minfo[39m: munpia í¬ë¡¤ë§ ì‘ì—… ìš”ì²­ ë°›ìŒ (ë””ë²„ê¹… ëª¨ë“œ: í™œì„±í™”)
2025-03-31T02:37:52.818Z [32minfo[39m: munpia í¬ë¡¤ëŸ¬ ì´ˆê¸°í™” ì¤‘
2025-03-31T02:37:52.818Z [32minfo[39m: ë¸Œë¼ìš°ì € ì´ˆê¸°í™” ì¤‘...
2025-03-31T02:37:53.324Z [32minfo[39m: ë¸Œë¼ìš°ì € ì´ˆê¸°í™” ì„±ê³µ
2025-03-31T02:38:50.933Z [32minfo[39m: ë¸Œë¼ìš°ì € ì—°ê²° í•´ì œë¨
2025-03-31T02:44:10.716Z [32minfo[39m: ì„œë²„ ì¢…ë£Œ ì¤‘...
2025-03-31T02:44:16.299Z [32minfo[39m: ë°ì´í„°ë² ì´ìŠ¤ ì—°ê²° ì„±ê³µ
2025-03-31T02:44:16.336Z [32minfo[39m: í¬ë¡¤ë§ ì‘ì—…ì´ ìŠ¤ì¼€ì¤„ë§ë˜ì—ˆìŠµë‹ˆë‹¤
2025-03-31T02:44:16.337Z [32minfo[39m: í¬ë¡¤ëŸ¬ ì„œë²„ê°€ í¬íŠ¸ 3001ì—ì„œ ì‹¤í–‰ ì¤‘ì…ë‹ˆë‹¤
2025-03-31T02:44:16.453Z [32minfo[39m: munpia í¬ë¡¤ë§ ì‘ì—… ìš”ì²­ ë°›ìŒ (ë””ë²„ê¹… ëª¨ë“œ: í™œì„±í™”)
2025-03-31T02:44:16.454Z [32minfo[39m: munpia í¬ë¡¤ëŸ¬ ì´ˆê¸°í™” ì¤‘
2025-03-31T02:44:16.455Z [32minfo[39m: ë¸Œë¼ìš°ì € ì´ˆê¸°í™” ì¤‘...
2025-03-31T02:44:16.702Z [31merror[39m: í”Œë«í¼ ì†Œì„¤ ì¡°íšŒ ì‹¤íŒ¨: Incorrect arguments to mysqld_stmt_execute
2025-03-31T02:44:16.713Z [31merror[39m: í”Œë«í¼ ì†Œì„¤ ì¡°íšŒ ì‹¤íŒ¨: Incorrect arguments to mysqld_stmt_execute
2025-03-31T02:44:16.715Z [31merror[39m: í”Œë«í¼ ì†Œì„¤ ì¡°íšŒ ì‹¤íŒ¨: Incorrect arguments to mysqld_stmt_execute
2025-03-31T02:44:16.716Z [31merror[39m: í”Œë«í¼ ì†Œì„¤ ì¡°íšŒ ì‹¤íŒ¨: Incorrect arguments to mysqld_stmt_execute
2025-03-31T02:44:16.718Z [32minfo[39m: munpia í¬ë¡¤ë§ ì‘ì—… ìš”ì²­ ë°›ìŒ (ë””ë²„ê¹… ëª¨ë“œ: í™œì„±í™”)
2025-03-31T02:44:16.718Z [32minfo[39m: munpia í¬ë¡¤ëŸ¬ ì´ˆê¸°í™” ì¤‘
2025-03-31T02:44:16.719Z [32minfo[39m: ë¸Œë¼ìš°ì € ì´ˆê¸°í™” ì¤‘...
2025-03-31T02:44:16.745Z [31merror[39m: í”Œë«í¼ ì†Œì„¤ ì¡°íšŒ ì‹¤íŒ¨: Incorrect arguments to mysqld_stmt_execute
2025-03-31T02:44:16.747Z [31merror[39m: í”Œë«í¼ ì†Œì„¤ ì¡°íšŒ ì‹¤íŒ¨: Incorrect arguments to mysqld_stmt_execute
2025-03-31T02:44:16.750Z [31merror[39m: í”Œë«í¼ ì†Œì„¤ ì¡°íšŒ ì‹¤íŒ¨: Incorrect arguments to mysqld_stmt_execute
2025-03-31T02:44:16.753Z [31merror[39m: í”Œë«í¼ ì†Œì„¤ ì¡°íšŒ ì‹¤íŒ¨: Incorrect arguments to mysqld_stmt_execute
2025-03-31T02:44:16.755Z [31merror[39m: í”Œë«í¼ ì†Œì„¤ ì¡°íšŒ ì‹¤íŒ¨: Incorrect arguments to mysqld_stmt_execute
2025-03-31T02:44:16.758Z [31merror[39m: í”Œë«í¼ ì†Œì„¤ ì¡°íšŒ ì‹¤íŒ¨: Incorrect arguments to mysqld_stmt_execute
2025-03-31T02:44:17.350Z [32minfo[39m: ë¸Œë¼ìš°ì € ì´ˆê¸°í™” ì„±ê³µ
2025-03-31T02:44:17.490Z [32minfo[39m: ë¸Œë¼ìš°ì € ì´ˆê¸°í™” ì„±ê³µ
2025-03-31T02:44:26.240Z [32minfo[39m: munpia í¬ë¡¤ë§ ì‘ì—… ìš”ì²­ ë°›ìŒ (ë””ë²„ê¹… ëª¨ë“œ: í™œì„±í™”)
2025-03-31T02:44:26.240Z [32minfo[39m: munpia í¬ë¡¤ëŸ¬ ì´ˆê¸°í™” ì¤‘
2025-03-31T02:45:19.344Z [32minfo[39m: ë¸Œë¼ìš°ì € ì—°ê²° í•´ì œë¨
2025-03-31T02:56:48.538Z [32minfo[39m: ë¸Œë¼ìš°ì € ì—°ê²° í•´ì œë¨
2025-03-31T02:56:54.034Z [32minfo[39m: ì„œë²„ ì¢…ë£Œ ì¤‘...
2025-03-31T02:56:58.637Z [32minfo[39m: ë°ì´í„°ë² ì´ìŠ¤ ì—°ê²° ì„±ê³µ
2025-03-31T02:56:58.666Z [32minfo[39m: í¬ë¡¤ë§ ì‘ì—…ì´ ìŠ¤ì¼€ì¤„ë§ë˜ì—ˆìŠµë‹ˆë‹¤
2025-03-31T02:56:58.667Z [32minfo[39m: í¬ë¡¤ëŸ¬ ì„œë²„ê°€ í¬íŠ¸ 3001ì—ì„œ ì‹¤í–‰ ì¤‘ì…ë‹ˆë‹¤
2025-03-31T02:57:18.083Z [31merror[39m: í”Œë«í¼ ì†Œì„¤ ì¡°íšŒ ì‹¤íŒ¨: Incorrect arguments to mysqld_stmt_execute
2025-03-31T02:57:18.099Z [31merror[39m: í”Œë«í¼ ì†Œì„¤ ì¡°íšŒ ì‹¤íŒ¨: Incorrect arguments to mysqld_stmt_execute
2025-03-31T02:57:19.629Z [31merror[39m: í”Œë«í¼ ì†Œì„¤ ì¡°íšŒ ì‹¤íŒ¨: Incorrect arguments to mysqld_stmt_execute
2025-03-31T02:57:19.642Z [31merror[39m: í”Œë«í¼ ì†Œì„¤ ì¡°íšŒ ì‹¤íŒ¨: Incorrect arguments to mysqld_stmt_execute
2025-03-31T02:57:22.032Z [31merror[39m: í”Œë«í¼ ì†Œì„¤ ì¡°íšŒ ì‹¤íŒ¨: Incorrect arguments to mysqld_stmt_execute
2025-03-31T02:57:22.056Z [31merror[39m: í”Œë«í¼ ì†Œì„¤ ì¡°íšŒ ì‹¤íŒ¨: Incorrect arguments to mysqld_stmt_execute
2025-03-31T02:57:26.475Z [32minfo[39m: munpia í¬ë¡¤ë§ ì‘ì—… ìš”ì²­ ë°›ìŒ (ë””ë²„ê¹… ëª¨ë“œ: í™œì„±í™”)
2025-03-31T02:57:26.476Z [32minfo[39m: munpia í¬ë¡¤ëŸ¬ ì´ˆê¸°í™” ì¤‘
2025-03-31T02:57:26.476Z [32minfo[39m: ë¸Œë¼ìš°ì € ì´ˆê¸°í™” ì¤‘...
2025-03-31T02:57:27.226Z [32minfo[39m: ë¸Œë¼ìš°ì € ì´ˆê¸°í™” ì„±ê³µ
2025-03-31T02:57:27.427Z [32minfo[39m: munpia í¬ë¡¤ë§ ì‹œì‘ (ë¡œê·¸ ID: 42)
2025-03-31T02:57:27.751Z [32minfo[39m: ë””ë²„ê¹… ëª¨ë“œ: í™ˆí˜ì´ì§€ ìŠ¤í¬ë¦°ìƒ· ì €ì¥ë¨
2025-03-31T02:57:27.751Z [32minfo[39m: ë¬¸í”¼ì•„ ë² ìŠ¤íŠ¸ í˜ì´ì§€ í¬ë¡¤ë§ ì‹œì‘
2025-03-31T02:57:27.751Z [32minfo[39m: í˜ì´ì§€ ì´ë™: https://www.munpia.com/page/best
2025-03-31T02:57:45.446Z [32minfo[39m: ë””ë²„ê¹… ëª¨ë“œ: ë² ìŠ¤íŠ¸ í˜ì´ì§€ ìŠ¤í¬ë¦°ìƒ· ì €ì¥ë¨
2025-03-31T02:57:45.449Z [32minfo[39m: ë¬¸í”¼ì•„ ë² ìŠ¤íŠ¸ì—ì„œ 12ê°œì˜ ì†Œì„¤ì„ ì°¾ì•˜ìŠµë‹ˆë‹¤
2025-03-31T02:57:45.449Z [32minfo[39m: ì†Œì„¤ ìƒì„¸ ì •ë³´ ê°€ì ¸ì˜¤ê¸°: ê°ì„±í–ˆë”ë‹ˆ ì‹ ì˜ê°€ ë˜ì—ˆë‹¤
2025-03-31T02:57:45.449Z [32minfo[39m: í˜ì´ì§€ ì´ë™: https://novel.munpia.com/451926
2025-03-31T02:57:56.385Z [34mdebug[39m: saveNovel ì‹œì‘ - ë°ì´í„°: {"title":"ê°ì„±í–ˆë”ë‹ˆ ì‹ ì˜ê°€ ë˜ì—ˆë‹¤","author":"ê³„ë€íƒ","genre":"í˜„ëŒ€íŒíƒ€ì§€, íŒíƒ€ì§€","coverImageUrl":"https://cdn1.munpia.com/v2/files/cover/2025/0319/11/EsJhDJtO0AAtb.jpg","url":"https://novel.munpia.com/451926","externalId":"451926","platform":"munpia","description":"","viewCount":0,"rating":0,"reviewCount":0,"isPaid":false,"price":0,"platformGenre":"í˜„ëŒ€íŒíƒ€ì§€, íŒíƒ€ì§€","status":"ONGOING","popularity":0}
2025-03-31T02:57:56.386Z [34mdebug[39m: ì •ê·œí™”ëœ ì œëª©: ê°ì„±í–ˆë”ë‹ˆ_ì‹ ì˜ê°€_ë˜ì—ˆë‹¤, ì‘ê°€: ê³„ë€íƒ
2025-03-31T02:57:56.387Z [34mdebug[39m: ê¸°ì¡´ ì†Œì„¤ ë°œê²¬ (ID: 11), ì—…ë°ì´íŠ¸ ì‹œì‘
2025-03-31T02:57:56.388Z [34mdebug[39m: ì†Œì„¤ ê¸°ë³¸ ì •ë³´ ì—…ë°ì´íŠ¸ ì™„ë£Œ
2025-03-31T02:57:56.389Z [34mdebug[39m: í”Œë«í¼ ì •ë³´ ì²˜ë¦¬ ì‹œì‘: munpia
2025-03-31T02:57:56.390Z [34mdebug[39m: ê¸°ì¡´ í”Œë«í¼ ì •ë³´ ì—…ë°ì´íŠ¸ (ID: 12)
2025-03-31T02:57:56.391Z [34mdebug[39m: í”Œë«í¼ ì •ë³´ ì²˜ë¦¬ ì™„ë£Œ
2025-03-31T02:57:56.393Z [34mdebug[39m: íŠ¸ëœì­ì…˜ ì»¤ë°‹ ì™„ë£Œ
2025-03-31T02:57:56.393Z [32minfo[39m: ì†Œì„¤ ì €ì¥ ì™„ë£Œ: ê°ì„±í–ˆë”ë‹ˆ ì‹ ì˜ê°€ ë˜ì—ˆë‹¤ (ID: 11)
2025-03-31T02:57:58.500Z [32minfo[39m: ì†Œì„¤ ìƒì„¸ ì •ë³´ ê°€ì ¸ì˜¤ê¸°: ê³ ë ¤ì—ì„œ ì¹˜íŠ¸ ì—†ì´ ë¬¸ëª…í•©ë‹ˆë‹¤
2025-03-31T02:57:58.500Z [32minfo[39m: í˜ì´ì§€ ì´ë™: https://novel.munpia.com/442239
2025-03-31T02:58:03.677Z [31merror[39m: í˜ì´ì§€ ì½˜ì†” ì˜¤ë¥˜: Failed to load resource: net::ERR_NAME_NOT_RESOLVED
2025-03-31T02:58:10.135Z [34mdebug[39m: saveNovel ì‹œì‘ - ë°ì´í„°: {"title":"ê³ ë ¤ì—ì„œ ì¹˜íŠ¸ ì—†ì´ ë¬¸ëª…í•©ë‹ˆë‹¤","author":"ê¸´ëª©ìˆ¨","genre":"ëŒ€ì²´ì—­ì‚¬, íŒíƒ€ì§€","coverImageUrl":"https://cdn1.munpia.com/v2/files/cover/2025/0205/18/EoytYyoNsAAtb.jpg","url":"https://novel.munpia.com/442239","externalId":"442239","platform":"munpia","description":"","viewCount":0,"rating":0,"reviewCount":0,"isPaid":false,"price":0,"platformGenre":"ëŒ€ì²´ì—­ì‚¬, íŒíƒ€ì§€","status":"ONGOING","popularity":0}
2025-03-31T02:58:10.135Z [34mdebug[39m: ì •ê·œí™”ëœ ì œëª©: ê³ ë ¤ì—ì„œ_ì¹˜íŠ¸_ì—†ì´_ë¬¸ëª…í•©ë‹ˆë‹¤, ì‘ê°€: ê¸´ëª©ìˆ¨
2025-03-31T02:58:10.136Z [34mdebug[39m: ê¸°ì¡´ ì†Œì„¤ ë°œê²¬ (ID: 12), ì—…ë°ì´íŠ¸ ì‹œì‘
2025-03-31T02:58:10.137Z [34mdebug[39m: ì†Œì„¤ ê¸°ë³¸ ì •ë³´ ì—…ë°ì´íŠ¸ ì™„ë£Œ
2025-03-31T02:58:10.137Z [34mdebug[39m: í”Œë«í¼ ì •ë³´ ì²˜ë¦¬ ì‹œì‘: munpia
2025-03-31T02:58:10.137Z [34mdebug[39m: ê¸°ì¡´ í”Œë«í¼ ì •ë³´ ì—…ë°ì´íŠ¸ (ID: 13)
2025-03-31T02:58:10.138Z [34mdebug[39m: í”Œë«í¼ ì •ë³´ ì²˜ë¦¬ ì™„ë£Œ
2025-03-31T02:58:10.140Z [34mdebug[39m: íŠ¸ëœì­ì…˜ ì»¤ë°‹ ì™„ë£Œ
2025-03-31T02:58:10.140Z [32minfo[39m: ì†Œì„¤ ì €ì¥ ì™„ë£Œ: ê³ ë ¤ì—ì„œ ì¹˜íŠ¸ ì—†ì´ ë¬¸ëª…í•©ë‹ˆë‹¤ (ID: 12)
2025-03-31T02:58:12.326Z [32minfo[39m: ì†Œì„¤ ìƒì„¸ ì •ë³´ ê°€ì ¸ì˜¤ê¸°: ëŒì—° ë¯¸ì¹˜ê²Œ ì˜ìƒê²¼ë”ë‹ˆ ì„¸ìƒì´ ì‰½ë‹¤
2025-03-31T02:58:12.327Z [32minfo[39m: í˜ì´ì§€ ì´ë™: https://novel.munpia.com/446212
2025-03-31T02:58:21.948Z [34mdebug[39m: saveNovel ì‹œì‘ - ë°ì´í„°: {"title":"ëŒì—° ë¯¸ì¹˜ê²Œ ì˜ìƒê²¼ë”ë‹ˆ ì„¸ìƒì´ ì‰½ë‹¤","author":"ì¥íƒ„","genre":"í˜„ëŒ€íŒíƒ€ì§€, íŒíƒ€ì§€","coverImageUrl":"https://cdn1.munpia.com/v2/files/cover/2025/0210/12/EpLDjyWeIAAtb.jpg","url":"https://novel.munpia.com/446212","externalId":"446212","platform":"munpia","description":"","viewCount":0,"rating":0,"reviewCount":0,"isPaid":false,"price":0,"platformGenre":"í˜„ëŒ€íŒíƒ€ì§€, íŒíƒ€ì§€","status":"ONGOING","popularity":0}
2025-03-31T02:58:21.948Z [34mdebug[39m: ì •ê·œí™”ëœ ì œëª©: ëŒì—°_ë¯¸ì¹˜ê²Œ_ì˜ìƒê²¼ë”ë‹ˆ_ì„¸ìƒì´_ì‰½ë‹¤, ì‘ê°€: ì¥íƒ„
2025-03-31T02:58:21.949Z [34mdebug[39m: ê¸°ì¡´ ì†Œì„¤ ë°œê²¬ (ID: 13), ì—…ë°ì´íŠ¸ ì‹œì‘
2025-03-31T02:58:21.950Z [34mdebug[39m: ì†Œì„¤ ê¸°ë³¸ ì •ë³´ ì—…ë°ì´íŠ¸ ì™„ë£Œ
2025-03-31T02:58:21.950Z [34mdebug[39m: í”Œë«í¼ ì •ë³´ ì²˜ë¦¬ ì‹œì‘: munpia
2025-03-31T02:58:21.951Z [34mdebug[39m: ê¸°ì¡´ í”Œë«í¼ ì •ë³´ ì—…ë°ì´íŠ¸ (ID: 14)
2025-03-31T02:58:21.951Z [34mdebug[39m: í”Œë«í¼ ì •ë³´ ì²˜ë¦¬ ì™„ë£Œ
2025-03-31T02:58:21.953Z [34mdebug[39m: íŠ¸ëœì­ì…˜ ì»¤ë°‹ ì™„ë£Œ
2025-03-31T02:58:21.953Z [32minfo[39m: ì†Œì„¤ ì €ì¥ ì™„ë£Œ: ëŒì—° ë¯¸ì¹˜ê²Œ ì˜ìƒê²¼ë”ë‹ˆ ì„¸ìƒì´ ì‰½ë‹¤ (ID: 13)
2025-03-31T02:58:24.768Z [32minfo[39m: ì†Œì„¤ ìƒì„¸ ì •ë³´ ê°€ì ¸ì˜¤ê¸°: ì „ì§ ëª©ì‚¬ê°€ ì´ì„¸ê³„ì—ì„œ ì‚´ì•„ê°€ëŠ” ë²•
2025-03-31T02:58:24.769Z [32minfo[39m: í˜ì´ì§€ ì´ë™: https://novel.munpia.com/418672
2025-03-31T02:58:27.260Z [31merror[39m: í˜ì´ì§€ ì½˜ì†” ì˜¤ë¥˜: Failed to load resource: net::ERR_NAME_NOT_RESOLVED
2025-03-31T02:58:34.895Z [34mdebug[39m: saveNovel ì‹œì‘ - ë°ì´í„°: {"title":"ì „ì§ ëª©ì‚¬ê°€ ì´ì„¸ê³„ì—ì„œ ì‚´ì•„ê°€ëŠ” ë²•","author":"ë§˜ëª¨ìŠ¤XM","genre":"íŒíƒ€ì§€, í“¨ì „","coverImageUrl":"https://cdn1.munpia.com/v2/files/cover/2024/0715/20/EYTTTDTDAAAtb.jpg","url":"https://novel.munpia.com/418672","externalId":"418672","platform":"munpia","description":"","viewCount":0,"rating":0,"reviewCount":0,"isPaid":false,"price":0,"platformGenre":"íŒíƒ€ì§€, í“¨ì „","status":"ONGOING","popularity":0}
2025-03-31T02:58:34.896Z [34mdebug[39m: ì •ê·œí™”ëœ ì œëª©: ì „ì§_ëª©ì‚¬ê°€_ì´ì„¸ê³„ì—ì„œ_ì‚´ì•„ê°€ëŠ”_ë²•, ì‘ê°€: ë§˜ëª¨ìŠ¤xm
2025-03-31T02:58:34.896Z [34mdebug[39m: ê¸°ì¡´ ì†Œì„¤ ë°œê²¬ (ID: 14), ì—…ë°ì´íŠ¸ ì‹œì‘
2025-03-31T02:58:34.897Z [34mdebug[39m: ì†Œì„¤ ê¸°ë³¸ ì •ë³´ ì—…ë°ì´íŠ¸ ì™„ë£Œ
2025-03-31T02:58:34.897Z [34mdebug[39m: í”Œë«í¼ ì •ë³´ ì²˜ë¦¬ ì‹œì‘: munpia
2025-03-31T02:58:34.897Z [34mdebug[39m: ê¸°ì¡´ í”Œë«í¼ ì •ë³´ ì—…ë°ì´íŠ¸ (ID: 15)
2025-03-31T02:58:34.897Z [34mdebug[39m: í”Œë«í¼ ì •ë³´ ì²˜ë¦¬ ì™„ë£Œ
2025-03-31T02:58:34.903Z [34mdebug[39m: íŠ¸ëœì­ì…˜ ì»¤ë°‹ ì™„ë£Œ
2025-03-31T02:58:34.903Z [32minfo[39m: ì†Œì„¤ ì €ì¥ ì™„ë£Œ: ì „ì§ ëª©ì‚¬ê°€ ì´ì„¸ê³„ì—ì„œ ì‚´ì•„ê°€ëŠ” ë²• (ID: 14)
2025-03-31T02:58:37.680Z [32minfo[39m: ì†Œì„¤ ìƒì„¸ ì •ë³´ ê°€ì ¸ì˜¤ê¸°: ì˜¤ë¹ ê°€ ì²œì¬ì˜€ë‹¤.
2025-03-31T02:58:37.680Z [32minfo[39m: í˜ì´ì§€ ì´ë™: https://novel.munpia.com/406911
2025-03-31T02:58:47.206Z [34mdebug[39m: saveNovel ì‹œì‘ - ë°ì´í„°: {"title":"ì˜¤ë¹ ê°€ ì²œì¬ì˜€ë‹¤.","author":"ì‹œí•˜","genre":"í˜„ëŒ€íŒíƒ€ì§€, ë“œë¼ë§ˆ","coverImageUrl":"https://cdn1.munpia.com/files/attach/2024/0731/004/TVBp0qtX07QeezKm.jpegtb.jpg","url":"https://novel.munpia.com/406911","externalId":"406911","platform":"munpia","description":"","viewCount":0,"rating":0,"reviewCount":0,"isPaid":false,"price":0,"platformGenre":"í˜„ëŒ€íŒíƒ€ì§€, ë“œë¼ë§ˆ","status":"ONGOING","popularity":0}
2025-03-31T02:58:47.206Z [34mdebug[39m: ì •ê·œí™”ëœ ì œëª©: ì˜¤ë¹ ê°€_ì²œì¬ì˜€ë‹¤, ì‘ê°€: ì‹œí•˜
2025-03-31T02:58:47.207Z [34mdebug[39m: ê¸°ì¡´ ì†Œì„¤ ë°œê²¬ (ID: 15), ì—…ë°ì´íŠ¸ ì‹œì‘
2025-03-31T02:58:47.207Z [34mdebug[39m: ì†Œì„¤ ê¸°ë³¸ ì •ë³´ ì—…ë°ì´íŠ¸ ì™„ë£Œ
2025-03-31T02:58:47.207Z [34mdebug[39m: í”Œë«í¼ ì •ë³´ ì²˜ë¦¬ ì‹œì‘: munpia
2025-03-31T02:58:47.208Z [34mdebug[39m: ê¸°ì¡´ í”Œë«í¼ ì •ë³´ ì—…ë°ì´íŠ¸ (ID: 16)
2025-03-31T02:58:47.208Z [34mdebug[39m: í”Œë«í¼ ì •ë³´ ì²˜ë¦¬ ì™„ë£Œ
2025-03-31T02:58:47.210Z [34mdebug[39m: íŠ¸ëœì­ì…˜ ì»¤ë°‹ ì™„ë£Œ
2025-03-31T02:58:47.210Z [32minfo[39m: ì†Œì„¤ ì €ì¥ ì™„ë£Œ: ì˜¤ë¹ ê°€ ì²œì¬ì˜€ë‹¤. (ID: 15)
2025-03-31T02:58:50.069Z [32minfo[39m: ì†Œì„¤ ìƒì„¸ ì •ë³´ ê°€ì ¸ì˜¤ê¸°: ëŒ€ì˜ì œêµ­ì˜ ìˆ¨ì€ ê±°ë¬¼ì´ ë˜ì—ˆë‹¤
2025-03-31T02:58:50.069Z [32minfo[39m: í˜ì´ì§€ ì´ë™: https://novel.munpia.com/354363
2025-03-31T02:58:59.625Z [34mdebug[39m: saveNovel ì‹œì‘ - ë°ì´í„°: {"title":"ëŒ€ì˜ì œêµ­ì˜ ìˆ¨ì€ ê±°ë¬¼ì´ ë˜ì—ˆë‹¤","author":"í­ì‹ë§ˆì™•","genre":"ëŒ€ì²´ì—­ì‚¬, ì „ìŸÂ·ë°€ë¦¬í„°ë¦¬","coverImageUrl":"https://cdn1.munpia.com/files/attach/2024/0416/004/4DKL3UwOMAqihfOl.jpgtb.jpg","url":"https://novel.munpia.com/354363","externalId":"354363","platform":"munpia","description":"","viewCount":0,"rating":0,"reviewCount":0,"isPaid":false,"price":0,"platformGenre":"ëŒ€ì²´ì—­ì‚¬, ì „ìŸÂ·ë°€ë¦¬í„°ë¦¬","status":"ONGOING","popularity":0}
2025-03-31T02:58:59.625Z [34mdebug[39m: ì •ê·œí™”ëœ ì œëª©: ëŒ€ì˜ì œêµ­ì˜_ìˆ¨ì€_ê±°ë¬¼ì´_ë˜ì—ˆë‹¤, ì‘ê°€: í­ì‹ë§ˆì™•
2025-03-31T02:58:59.626Z [34mdebug[39m: ê¸°ì¡´ ì†Œì„¤ ë°œê²¬ (ID: 16), ì—…ë°ì´íŠ¸ ì‹œì‘
2025-03-31T02:58:59.626Z [34mdebug[39m: ì†Œì„¤ ê¸°ë³¸ ì •ë³´ ì—…ë°ì´íŠ¸ ì™„ë£Œ
2025-03-31T02:58:59.626Z [34mdebug[39m: í”Œë«í¼ ì •ë³´ ì²˜ë¦¬ ì‹œì‘: munpia
2025-03-31T02:58:59.627Z [34mdebug[39m: ê¸°ì¡´ í”Œë«í¼ ì •ë³´ ì—…ë°ì´íŠ¸ (ID: 17)
2025-03-31T02:58:59.627Z [34mdebug[39m: í”Œë«í¼ ì •ë³´ ì²˜ë¦¬ ì™„ë£Œ
2025-03-31T02:58:59.630Z [34mdebug[39m: íŠ¸ëœì­ì…˜ ì»¤ë°‹ ì™„ë£Œ
2025-03-31T02:58:59.630Z [32minfo[39m: ì†Œì„¤ ì €ì¥ ì™„ë£Œ: ëŒ€ì˜ì œêµ­ì˜ ìˆ¨ì€ ê±°ë¬¼ì´ ë˜ì—ˆë‹¤ (ID: 16)
2025-03-31T02:59:02.531Z [32minfo[39m: ì†Œì„¤ ìƒì„¸ ì •ë³´ ê°€ì ¸ì˜¤ê¸°: ê²½í—˜ì¹˜ë¡œ ì´ˆì›”í•˜ëŠ” 0ë ˆë²¨ í”Œë ˆì´ì–´
2025-03-31T02:59:02.531Z [32minfo[39m: í˜ì´ì§€ ì´ë™: https://novel.munpia.com/458043
2025-03-31T02:59:13.103Z [34mdebug[39m: saveNovel ì‹œì‘ - ë°ì´í„°: {"title":"ê²½í—˜ì¹˜ë¡œ ì´ˆì›”í•˜ëŠ” 0ë ˆë²¨ í”Œë ˆì´ì–´","author":"ì¹˜íŠ¸í‚¤","genre":"í˜„ëŒ€íŒíƒ€ì§€, íŒíƒ€ì§€","coverImageUrl":"https://cdn1.munpia.com/v2/files/cover/2025/0310/14/Erb1Ip-HUAAtb.jpg","url":"https://novel.munpia.com/458043","externalId":"458043","platform":"munpia","description":"","viewCount":0,"rating":0,"reviewCount":0,"isPaid":false,"price":0,"platformGenre":"í˜„ëŒ€íŒíƒ€ì§€, íŒíƒ€ì§€","status":"ONGOING","popularity":0}
2025-03-31T02:59:13.104Z [34mdebug[39m: ì •ê·œí™”ëœ ì œëª©: ê²½í—˜ì¹˜ë¡œ_ì´ˆì›”í•˜ëŠ”_0ë ˆë²¨_í”Œë ˆì´ì–´, ì‘ê°€: ì¹˜íŠ¸í‚¤
2025-03-31T02:59:13.104Z [34mdebug[39m: ê¸°ì¡´ ì†Œì„¤ ë°œê²¬ (ID: 17), ì—…ë°ì´íŠ¸ ì‹œì‘
2025-03-31T02:59:13.105Z [34mdebug[39m: ì†Œì„¤ ê¸°ë³¸ ì •ë³´ ì—…ë°ì´íŠ¸ ì™„ë£Œ
2025-03-31T02:59:13.105Z [34mdebug[39m: í”Œë«í¼ ì •ë³´ ì²˜ë¦¬ ì‹œì‘: munpia
2025-03-31T02:59:13.105Z [34mdebug[39m: ê¸°ì¡´ í”Œë«í¼ ì •ë³´ ì—…ë°ì´íŠ¸ (ID: 18)
2025-03-31T02:59:13.106Z [34mdebug[39m: í”Œë«í¼ ì •ë³´ ì²˜ë¦¬ ì™„ë£Œ
2025-03-31T02:59:13.107Z [34mdebug[39m: íŠ¸ëœì­ì…˜ ì»¤ë°‹ ì™„ë£Œ
2025-03-31T02:59:13.108Z [32minfo[39m: ì†Œì„¤ ì €ì¥ ì™„ë£Œ: ê²½í—˜ì¹˜ë¡œ ì´ˆì›”í•˜ëŠ” 0ë ˆë²¨ í”Œë ˆì´ì–´ (ID: 17)
2025-03-31T02:59:15.759Z [32minfo[39m: ì†Œì„¤ ìƒì„¸ ì •ë³´ ê°€ì ¸ì˜¤ê¸°: ì•„ê³µê°„ ìŠˆí¼ë§ˆì¼“ì— ì–´ì„œì˜¤ì„¸ìš”
2025-03-31T02:59:15.760Z [32minfo[39m: í˜ì´ì§€ ì´ë™: https://novel.munpia.com/457490
2025-03-31T02:59:18.303Z [31merror[39m: í˜ì´ì§€ ì½˜ì†” ì˜¤ë¥˜: Failed to load resource: net::ERR_NAME_NOT_RESOLVED
2025-03-31T02:59:25.641Z [34mdebug[39m: saveNovel ì‹œì‘ - ë°ì´í„°: {"title":"ì•„ê³µê°„ ìŠˆí¼ë§ˆì¼“ì— ì–´ì„œì˜¤ì„¸ìš”","author":"ì •ì„ì—°ì¬","genre":"í˜„ëŒ€íŒíƒ€ì§€, í“¨ì „","coverImageUrl":"https://cdn1.munpia.com/v2/files/tcover/2025/0206/23/Eo40eoPvIAAtb.jpg","url":"https://novel.munpia.com/457490","externalId":"457490","platform":"munpia","description":"","viewCount":0,"rating":0,"reviewCount":0,"isPaid":false,"price":0,"platformGenre":"í˜„ëŒ€íŒíƒ€ì§€, í“¨ì „","status":"ONGOING","popularity":0}
2025-03-31T02:59:25.642Z [34mdebug[39m: ì •ê·œí™”ëœ ì œëª©: ì•„ê³µê°„_ìŠˆí¼ë§ˆì¼“ì—_ì–´ì„œì˜¤ì„¸ìš”, ì‘ê°€: ì •ì„ì—°ì¬
2025-03-31T02:59:25.642Z [34mdebug[39m: ê¸°ì¡´ ì†Œì„¤ ë°œê²¬ (ID: 18), ì—…ë°ì´íŠ¸ ì‹œì‘
2025-03-31T02:59:25.643Z [34mdebug[39m: ì†Œì„¤ ê¸°ë³¸ ì •ë³´ ì—…ë°ì´íŠ¸ ì™„ë£Œ
2025-03-31T02:59:25.643Z [34mdebug[39m: í”Œë«í¼ ì •ë³´ ì²˜ë¦¬ ì‹œì‘: munpia
2025-03-31T02:59:25.643Z [34mdebug[39m: ê¸°ì¡´ í”Œë«í¼ ì •ë³´ ì—…ë°ì´íŠ¸ (ID: 19)
2025-03-31T02:59:25.644Z [34mdebug[39m: í”Œë«í¼ ì •ë³´ ì²˜ë¦¬ ì™„ë£Œ
2025-03-31T02:59:25.646Z [34mdebug[39m: íŠ¸ëœì­ì…˜ ì»¤ë°‹ ì™„ë£Œ
2025-03-31T02:59:25.646Z [32minfo[39m: ì†Œì„¤ ì €ì¥ ì™„ë£Œ: ì•„ê³µê°„ ìŠˆí¼ë§ˆì¼“ì— ì–´ì„œì˜¤ì„¸ìš” (ID: 18)
2025-03-31T02:59:28.580Z [32minfo[39m: ì†Œì„¤ ìƒì„¸ ì •ë³´ ê°€ì ¸ì˜¤ê¸°: ì²œì¬ ë‰´ë¹„ì˜ í¡ìˆ˜ìˆ˜ì„ ì „
2025-03-31T02:59:28.580Z [32minfo[39m: í˜ì´ì§€ ì´ë™: https://novel.munpia.com/454166
2025-03-31T02:59:37.391Z [34mdebug[39m: saveNovel ì‹œì‘ - ë°ì´í„°: {"title":"ì²œì¬ ë‰´ë¹„ì˜ í¡ìˆ˜ìˆ˜ì„ ì „","author":"ë§ë£¡(èŸ’é¾)","genre":"ë¬´í˜‘, í“¨ì „","coverImageUrl":"https://cdn1.munpia.com/v2/files/tcover/2025/0217/13/EpvbqAOK4AAtb.jpg","url":"https://novel.munpia.com/454166","externalId":"454166","platform":"munpia","description":"","viewCount":0,"rating":0,"reviewCount":0,"isPaid":false,"price":0,"platformGenre":"ë¬´í˜‘, í“¨ì „","status":"ONGOING","popularity":0}
2025-03-31T02:59:37.391Z [34mdebug[39m: ì •ê·œí™”ëœ ì œëª©: ì²œì¬_ë‰´ë¹„ì˜_í¡ìˆ˜ìˆ˜ì„ ì „, ì‘ê°€: ë§ë£¡
2025-03-31T02:59:37.392Z [34mdebug[39m: ê¸°ì¡´ ì†Œì„¤ ë°œê²¬ (ID: 19), ì—…ë°ì´íŠ¸ ì‹œì‘
2025-03-31T02:59:37.392Z [34mdebug[39m: ì†Œì„¤ ê¸°ë³¸ ì •ë³´ ì—…ë°ì´íŠ¸ ì™„ë£Œ
2025-03-31T02:59:37.392Z [34mdebug[39m: í”Œë«í¼ ì •ë³´ ì²˜ë¦¬ ì‹œì‘: munpia
2025-03-31T02:59:37.393Z [34mdebug[39m: ê¸°ì¡´ í”Œë«í¼ ì •ë³´ ì—…ë°ì´íŠ¸ (ID: 20)
2025-03-31T02:59:37.393Z [34mdebug[39m: í”Œë«í¼ ì •ë³´ ì²˜ë¦¬ ì™„ë£Œ
2025-03-31T02:59:37.395Z [34mdebug[39m: íŠ¸ëœì­ì…˜ ì»¤ë°‹ ì™„ë£Œ
2025-03-31T02:59:37.395Z [32minfo[39m: ì†Œì„¤ ì €ì¥ ì™„ë£Œ: ì²œì¬ ë‰´ë¹„ì˜ í¡ìˆ˜ìˆ˜ì„ ì „ (ID: 19)
2025-03-31T02:59:40.108Z [32minfo[39m: ì†Œì„¤ ìƒì„¸ ì •ë³´ ê°€ì ¸ì˜¤ê¸°: ë°©ì†¡ì²œì¬ê°€ ë¼ì´ë¸Œë¡œ ì‚¬ê±´ì„ í•´ê²°í•¨
2025-03-31T02:59:40.108Z [32minfo[39m: í˜ì´ì§€ ì´ë™: https://novel.munpia.com/455487
2025-03-31T02:59:50.001Z [34mdebug[39m: saveNovel ì‹œì‘ - ë°ì´í„°: {"title":"ë°©ì†¡ì²œì¬ê°€ ë¼ì´ë¸Œë¡œ ì‚¬ê±´ì„ í•´ê²°í•¨","author":"ì¥ì„±í•„","genre":"í˜„ëŒ€íŒíƒ€ì§€","coverImageUrl":"https://cdn1.munpia.com/v2/files/cover/2025/0322/15/EsZs49FYkAAtb.jpg","url":"https://novel.munpia.com/455487","externalId":"455487","platform":"munpia","description":"","viewCount":0,"rating":0,"reviewCount":0,"isPaid":false,"price":0,"platformGenre":"í˜„ëŒ€íŒíƒ€ì§€","status":"ONGOING","popularity":0}
2025-03-31T02:59:50.002Z [34mdebug[39m: ì •ê·œí™”ëœ ì œëª©: ë°©ì†¡ì²œì¬ê°€_ë¼ì´ë¸Œë¡œ_ì‚¬ê±´ì„_í•´ê²°í•¨, ì‘ê°€: ì¥ì„±í•„
2025-03-31T02:59:50.002Z [34mdebug[39m: ê¸°ì¡´ ì†Œì„¤ ë°œê²¬ (ID: 20), ì—…ë°ì´íŠ¸ ì‹œì‘
2025-03-31T02:59:50.003Z [34mdebug[39m: ì†Œì„¤ ê¸°ë³¸ ì •ë³´ ì—…ë°ì´íŠ¸ ì™„ë£Œ
2025-03-31T02:59:50.003Z [34mdebug[39m: í”Œë«í¼ ì •ë³´ ì²˜ë¦¬ ì‹œì‘: munpia
2025-03-31T02:59:50.003Z [34mdebug[39m: ê¸°ì¡´ í”Œë«í¼ ì •ë³´ ì—…ë°ì´íŠ¸ (ID: 21)
2025-03-31T02:59:50.004Z [34mdebug[39m: í”Œë«í¼ ì •ë³´ ì²˜ë¦¬ ì™„ë£Œ
2025-03-31T02:59:50.006Z [34mdebug[39m: íŠ¸ëœì­ì…˜ ì»¤ë°‹ ì™„ë£Œ
2025-03-31T02:59:50.006Z [32minfo[39m: ì†Œì„¤ ì €ì¥ ì™„ë£Œ: ë°©ì†¡ì²œì¬ê°€ ë¼ì´ë¸Œë¡œ ì‚¬ê±´ì„ í•´ê²°í•¨ (ID: 20)
2025-03-31T02:59:52.135Z [32minfo[39m: ì†Œì„¤ ìƒì„¸ ì •ë³´ ê°€ì ¸ì˜¤ê¸°: íëŸ¬ê°€ ë¬´ë¦¼ì—ì„œ ì‚´ì•„ê°€ëŠ” ë²•
2025-03-31T02:59:52.136Z [32minfo[39m: í˜ì´ì§€ ì´ë™: https://novel.munpia.com/456968
2025-03-31T03:00:02.415Z [34mdebug[39m: saveNovel ì‹œì‘ - ë°ì´í„°: {"title":"íëŸ¬ê°€ ë¬´ë¦¼ì—ì„œ ì‚´ì•„ê°€ëŠ” ë²•","author":"ìœ ì„œëŒ","genre":"ë¬´í˜‘, í“¨ì „","coverImageUrl":"https://cdn1.munpia.com/v2/files/cover/2025/0306/02/ErEnMC5AcAAtb.jpg","url":"https://novel.munpia.com/456968","externalId":"456968","platform":"munpia","description":"","viewCount":0,"rating":0,"reviewCount":0,"isPaid":false,"price":0,"platformGenre":"ë¬´í˜‘, í“¨ì „","status":"ONGOING","popularity":0}
2025-03-31T03:00:02.416Z [34mdebug[39m: ì •ê·œí™”ëœ ì œëª©: íëŸ¬ê°€_ë¬´ë¦¼ì—ì„œ_ì‚´ì•„ê°€ëŠ”_ë²•, ì‘ê°€: ìœ ì„œëŒ
2025-03-31T03:00:02.417Z [34mdebug[39m: ê¸°ì¡´ ì†Œì„¤ ë°œê²¬ (ID: 21), ì—…ë°ì´íŠ¸ ì‹œì‘
2025-03-31T03:00:02.417Z [34mdebug[39m: ì†Œì„¤ ê¸°ë³¸ ì •ë³´ ì—…ë°ì´íŠ¸ ì™„ë£Œ
2025-03-31T03:00:02.417Z [34mdebug[39m: í”Œë«í¼ ì •ë³´ ì²˜ë¦¬ ì‹œì‘: munpia
2025-03-31T03:00:02.418Z [34mdebug[39m: ê¸°ì¡´ í”Œë«í¼ ì •ë³´ ì—…ë°ì´íŠ¸ (ID: 22)
2025-03-31T03:00:02.418Z [34mdebug[39m: í”Œë«í¼ ì •ë³´ ì²˜ë¦¬ ì™„ë£Œ
2025-03-31T03:00:02.420Z [34mdebug[39m: íŠ¸ëœì­ì…˜ ì»¤ë°‹ ì™„ë£Œ
2025-03-31T03:00:02.420Z [32minfo[39m: ì†Œì„¤ ì €ì¥ ì™„ë£Œ: íëŸ¬ê°€ ë¬´ë¦¼ì—ì„œ ì‚´ì•„ê°€ëŠ” ë²• (ID: 21)
2025-03-31T03:00:05.261Z [32minfo[39m: ì†Œì„¤ ìƒì„¸ ì •ë³´ ê°€ì ¸ì˜¤ê¸°: ê·€í™˜í–ˆë”ë‹ˆ íƒ‘ê³µëµì´ ë„ˆë¬´ ì‰½ë‹¤
2025-03-31T03:00:05.262Z [32minfo[39m: í˜ì´ì§€ ì´ë™: https://novel.munpia.com/453862
2025-03-31T03:00:15.239Z [34mdebug[39m: saveNovel ì‹œì‘ - ë°ì´í„°: {"title":"ê·€í™˜í–ˆë”ë‹ˆ íƒ‘ê³µëµì´ ë„ˆë¬´ ì‰½ë‹¤","author":"ë†êµ¬ê´‘â„¢","genre":"í˜„ëŒ€íŒíƒ€ì§€, í“¨ì „","coverImageUrl":"https://cdn1.munpia.com/v2/files/cover/2025/0225/22/EqamaiWwgAAtb.jpg","url":"https://novel.munpia.com/453862","externalId":"453862","platform":"munpia","description":"","viewCount":0,"rating":0,"reviewCount":0,"isPaid":false,"price":0,"platformGenre":"í˜„ëŒ€íŒíƒ€ì§€, í“¨ì „","status":"ONGOING","popularity":0}
2025-03-31T03:00:15.239Z [34mdebug[39m: ì •ê·œí™”ëœ ì œëª©: ê·€í™˜í–ˆë”ë‹ˆ_íƒ‘ê³µëµì´_ë„ˆë¬´_ì‰½ë‹¤, ì‘ê°€: ë†êµ¬ê´‘
2025-03-31T03:00:15.240Z [34mdebug[39m: ê¸°ì¡´ ì†Œì„¤ ë°œê²¬ (ID: 22), ì—…ë°ì´íŠ¸ ì‹œì‘
2025-03-31T03:00:15.241Z [34mdebug[39m: ì†Œì„¤ ê¸°ë³¸ ì •ë³´ ì—…ë°ì´íŠ¸ ì™„ë£Œ
2025-03-31T03:00:15.241Z [34mdebug[39m: í”Œë«í¼ ì •ë³´ ì²˜ë¦¬ ì‹œì‘: munpia
2025-03-31T03:00:15.241Z [34mdebug[39m: ê¸°ì¡´ í”Œë«í¼ ì •ë³´ ì—…ë°ì´íŠ¸ (ID: 23)
2025-03-31T03:00:15.241Z [34mdebug[39m: í”Œë«í¼ ì •ë³´ ì²˜ë¦¬ ì™„ë£Œ
2025-03-31T03:00:15.243Z [34mdebug[39m: íŠ¸ëœì­ì…˜ ì»¤ë°‹ ì™„ë£Œ
2025-03-31T03:00:15.244Z [32minfo[39m: ì†Œì„¤ ì €ì¥ ì™„ë£Œ: ê·€í™˜í–ˆë”ë‹ˆ íƒ‘ê³µëµì´ ë„ˆë¬´ ì‰½ë‹¤ (ID: 22)
2025-03-31T03:00:17.437Z [32minfo[39m: munpia í¬ë¡¤ë§ ì™„ë£Œ, ìƒíƒœ: COMPLETED
2025-03-31T03:00:21.722Z [31merror[39m: í”Œë«í¼ ì†Œì„¤ ì¡°íšŒ ì‹¤íŒ¨: Incorrect arguments to mysqld_stmt_execute
2025-03-31T03:04:17.370Z [32minfo[39m: ë¸Œë¼ìš°ì € ì—°ê²° í•´ì œë¨
2025-03-31T03:04:29.735Z [31merror[39m: í”Œë«í¼ ì†Œì„¤ ì¡°íšŒ ì‹¤íŒ¨: Incorrect arguments to mysqld_stmt_execute
2025-03-31T03:04:29.775Z [31merror[39m: í”Œë«í¼ ì†Œì„¤ ì¡°íšŒ ì‹¤íŒ¨: Incorrect arguments to mysqld_stmt_execute
2025-03-31T03:04:57.042Z [31merror[39m: í”Œë«í¼ ì†Œì„¤ ì¡°íšŒ ì‹¤íŒ¨: Incorrect arguments to mysqld_stmt_execute
2025-03-31T03:09:24.502Z [32minfo[39m: munpia í¬ë¡¤ë§ ì‘ì—… ìš”ì²­ ë°›ìŒ (ë””ë²„ê¹… ëª¨ë“œ: í™œì„±í™”)
2025-03-31T03:09:24.503Z [32minfo[39m: munpia í¬ë¡¤ëŸ¬ ì´ˆê¸°í™” ì¤‘
2025-03-31T03:09:24.503Z [32minfo[39m: ë¸Œë¼ìš°ì € ì´ˆê¸°í™” ì¤‘...
2025-03-31T03:09:25.081Z [32minfo[39m: ë¸Œë¼ìš°ì € ì´ˆê¸°í™” ì„±ê³µ
2025-03-31T03:09:42.431Z [32minfo[39m: ì„œë²„ ì¢…ë£Œ ì¤‘...
2025-03-31T03:09:48.442Z [32minfo[39m: ë°ì´í„°ë² ì´ìŠ¤ ì—°ê²° ì„±ê³µ
2025-03-31T03:09:48.471Z [32minfo[39m: í¬ë¡¤ë§ ì‘ì—…ì´ ìŠ¤ì¼€ì¤„ë§ë˜ì—ˆìŠµë‹ˆë‹¤
2025-03-31T03:09:48.472Z [32minfo[39m: í¬ë¡¤ëŸ¬ ì„œë²„ê°€ í¬íŠ¸ 3001ì—ì„œ ì‹¤í–‰ ì¤‘ì…ë‹ˆë‹¤
2025-03-31T03:10:03.028Z [32minfo[39m: munpia í¬ë¡¤ë§ ì‘ì—… ìš”ì²­ ë°›ìŒ (ë””ë²„ê¹… ëª¨ë“œ: í™œì„±í™”)
2025-03-31T03:10:03.029Z [32minfo[39m: munpia í¬ë¡¤ëŸ¬ ì´ˆê¸°í™” ì¤‘
2025-03-31T03:10:03.029Z [32minfo[39m: ë¸Œë¼ìš°ì € ì´ˆê¸°í™” ì¤‘...
2025-03-31T03:10:03.819Z [32minfo[39m: ë¸Œë¼ìš°ì € ì´ˆê¸°í™” ì„±ê³µ
2025-03-31T03:10:04.017Z [32minfo[39m: munpia í¬ë¡¤ë§ ì‹œì‘ (ë¡œê·¸ ID: 43)
2025-03-31T03:10:04.349Z [32minfo[39m: ë””ë²„ê¹… ëª¨ë“œ: í™ˆí˜ì´ì§€ ìŠ¤í¬ë¦°ìƒ· ì €ì¥ë¨
2025-03-31T03:10:04.349Z [32minfo[39m: ë¬¸í”¼ì•„ ë² ìŠ¤íŠ¸ í˜ì´ì§€ í¬ë¡¤ë§ ì‹œì‘
2025-03-31T03:10:04.350Z [32minfo[39m: í˜ì´ì§€ ì´ë™: https://www.munpia.com/page/best
2025-03-31T03:10:22.630Z [32minfo[39m: ë””ë²„ê¹… ëª¨ë“œ: ë² ìŠ¤íŠ¸ í˜ì´ì§€ ìŠ¤í¬ë¦°ìƒ· ì €ì¥ë¨
2025-03-31T03:10:22.634Z [32minfo[39m: ë¬¸í”¼ì•„ ë² ìŠ¤íŠ¸ì—ì„œ 12ê°œì˜ ì†Œì„¤ì„ ì°¾ì•˜ìŠµë‹ˆë‹¤
2025-03-31T03:10:22.634Z [32minfo[39m: ì†Œì„¤ ìƒì„¸ ì •ë³´ ê°€ì ¸ì˜¤ê¸°: ê°ì„±í–ˆë”ë‹ˆ ì‹ ì˜ê°€ ë˜ì—ˆë‹¤
2025-03-31T03:10:22.635Z [32minfo[39m: í˜ì´ì§€ ì´ë™: https://novel.munpia.com/451926
2025-03-31T03:10:33.757Z [34mdebug[39m: saveNovel ì‹œì‘ - ë°ì´í„°: {"title":"ê°ì„±í–ˆë”ë‹ˆ ì‹ ì˜ê°€ ë˜ì—ˆë‹¤","author":"ê³„ë€íƒ","genre":"í˜„ëŒ€íŒíƒ€ì§€, íŒíƒ€ì§€","coverImageUrl":"https://cdn1.munpia.com/v2/files/cover/2025/0319/11/EsJhDJtO0AAtb.jpg","url":"https://novel.munpia.com/451926","externalId":"451926","platform":"munpia","description":"","viewCount":0,"rating":0,"reviewCount":0,"isPaid":false,"price":0,"platformGenre":"í˜„ëŒ€íŒíƒ€ì§€, íŒíƒ€ì§€","status":"ONGOING","popularity":0}
2025-03-31T03:10:33.758Z [34mdebug[39m: ì •ê·œí™”ëœ ì œëª©: ê°ì„±í–ˆë”ë‹ˆ_ì‹ ì˜ê°€_ë˜ì—ˆë‹¤, ì‘ê°€: ê³„ë€íƒ
2025-03-31T03:10:33.759Z [34mdebug[39m: ê¸°ì¡´ ì†Œì„¤ ë°œê²¬ (ID: 11), ì—…ë°ì´íŠ¸ ì‹œì‘
2025-03-31T03:10:33.760Z [34mdebug[39m: ì†Œì„¤ ê¸°ë³¸ ì •ë³´ ì—…ë°ì´íŠ¸ ì™„ë£Œ
2025-03-31T03:10:33.760Z [34mdebug[39m: í”Œë«í¼ ì •ë³´ ì²˜ë¦¬ ì‹œì‘: munpia
2025-03-31T03:10:33.761Z [34mdebug[39m: ê¸°ì¡´ í”Œë«í¼ ì •ë³´ ì—…ë°ì´íŠ¸ (ID: 12)
2025-03-31T03:10:33.762Z [34mdebug[39m: í”Œë«í¼ ì •ë³´ ì²˜ë¦¬ ì™„ë£Œ
2025-03-31T03:10:33.764Z [34mdebug[39m: íŠ¸ëœì­ì…˜ ì»¤ë°‹ ì™„ë£Œ
2025-03-31T03:10:33.764Z [32minfo[39m: ì†Œì„¤ ì €ì¥ ì™„ë£Œ: ê°ì„±í–ˆë”ë‹ˆ ì‹ ì˜ê°€ ë˜ì—ˆë‹¤ (ID: 11)
2025-03-31T03:10:36.257Z [32minfo[39m: ì†Œì„¤ ìƒì„¸ ì •ë³´ ê°€ì ¸ì˜¤ê¸°: ê³ ë ¤ì—ì„œ ì¹˜íŠ¸ ì—†ì´ ë¬¸ëª…í•©ë‹ˆë‹¤
2025-03-31T03:10:36.258Z [32minfo[39m: í˜ì´ì§€ ì´ë™: https://novel.munpia.com/442239
2025-03-31T03:10:46.257Z [34mdebug[39m: saveNovel ì‹œì‘ - ë°ì´í„°: {"title":"ê³ ë ¤ì—ì„œ ì¹˜íŠ¸ ì—†ì´ ë¬¸ëª…í•©ë‹ˆë‹¤","author":"ê¸´ëª©ìˆ¨","genre":"ëŒ€ì²´ì—­ì‚¬, íŒíƒ€ì§€","coverImageUrl":"https://cdn1.munpia.com/v2/files/cover/2025/0205/18/EoytYyoNsAAtb.jpg","url":"https://novel.munpia.com/442239","externalId":"442239","platform":"munpia","description":"","viewCount":0,"rating":0,"reviewCount":0,"isPaid":false,"price":0,"platformGenre":"ëŒ€ì²´ì—­ì‚¬, íŒíƒ€ì§€","status":"ONGOING","popularity":0}
2025-03-31T03:10:46.258Z [34mdebug[39m: ì •ê·œí™”ëœ ì œëª©: ê³ ë ¤ì—ì„œ_ì¹˜íŠ¸_ì—†ì´_ë¬¸ëª…í•©ë‹ˆë‹¤, ì‘ê°€: ê¸´ëª©ìˆ¨
2025-03-31T03:10:46.258Z [34mdebug[39m: ê¸°ì¡´ ì†Œì„¤ ë°œê²¬ (ID: 12), ì—…ë°ì´íŠ¸ ì‹œì‘
2025-03-31T03:10:46.259Z [34mdebug[39m: ì†Œì„¤ ê¸°ë³¸ ì •ë³´ ì—…ë°ì´íŠ¸ ì™„ë£Œ
2025-03-31T03:10:46.259Z [34mdebug[39m: í”Œë«í¼ ì •ë³´ ì²˜ë¦¬ ì‹œì‘: munpia
2025-03-31T03:10:46.259Z [34mdebug[39m: ê¸°ì¡´ í”Œë«í¼ ì •ë³´ ì—…ë°ì´íŠ¸ (ID: 13)
2025-03-31T03:10:46.260Z [34mdebug[39m: í”Œë«í¼ ì •ë³´ ì²˜ë¦¬ ì™„ë£Œ
2025-03-31T03:10:46.262Z [34mdebug[39m: íŠ¸ëœì­ì…˜ ì»¤ë°‹ ì™„ë£Œ
2025-03-31T03:10:46.262Z [32minfo[39m: ì†Œì„¤ ì €ì¥ ì™„ë£Œ: ê³ ë ¤ì—ì„œ ì¹˜íŠ¸ ì—†ì´ ë¬¸ëª…í•©ë‹ˆë‹¤ (ID: 12)
2025-03-31T03:10:48.870Z [32minfo[39m: ì†Œì„¤ ìƒì„¸ ì •ë³´ ê°€ì ¸ì˜¤ê¸°: ëŒì—° ë¯¸ì¹˜ê²Œ ì˜ìƒê²¼ë”ë‹ˆ ì„¸ìƒì´ ì‰½ë‹¤
2025-03-31T03:10:48.871Z [32minfo[39m: í˜ì´ì§€ ì´ë™: https://novel.munpia.com/446212
2025-03-31T03:10:58.840Z [34mdebug[39m: saveNovel ì‹œì‘ - ë°ì´í„°: {"title":"ëŒì—° ë¯¸ì¹˜ê²Œ ì˜ìƒê²¼ë”ë‹ˆ ì„¸ìƒì´ ì‰½ë‹¤","author":"ì¥íƒ„","genre":"í˜„ëŒ€íŒíƒ€ì§€, íŒíƒ€ì§€","coverImageUrl":"https://cdn1.munpia.com/v2/files/cover/2025/0210/12/EpLDjyWeIAAtb.jpg","url":"https://novel.munpia.com/446212","externalId":"446212","platform":"munpia","description":"","viewCount":0,"rating":0,"reviewCount":0,"isPaid":false,"price":0,"platformGenre":"í˜„ëŒ€íŒíƒ€ì§€, íŒíƒ€ì§€","status":"ONGOING","popularity":0}
2025-03-31T03:10:58.841Z [34mdebug[39m: ì •ê·œí™”ëœ ì œëª©: ëŒì—°_ë¯¸ì¹˜ê²Œ_ì˜ìƒê²¼ë”ë‹ˆ_ì„¸ìƒì´_ì‰½ë‹¤, ì‘ê°€: ì¥íƒ„
2025-03-31T03:10:58.841Z [34mdebug[39m: ê¸°ì¡´ ì†Œì„¤ ë°œê²¬ (ID: 13), ì—…ë°ì´íŠ¸ ì‹œì‘
2025-03-31T03:10:58.842Z [34mdebug[39m: ì†Œì„¤ ê¸°ë³¸ ì •ë³´ ì—…ë°ì´íŠ¸ ì™„ë£Œ
2025-03-31T03:10:58.842Z [34mdebug[39m: í”Œë«í¼ ì •ë³´ ì²˜ë¦¬ ì‹œì‘: munpia
2025-03-31T03:10:58.842Z [34mdebug[39m: ê¸°ì¡´ í”Œë«í¼ ì •ë³´ ì—…ë°ì´íŠ¸ (ID: 14)
2025-03-31T03:10:58.843Z [34mdebug[39m: í”Œë«í¼ ì •ë³´ ì²˜ë¦¬ ì™„ë£Œ
2025-03-31T03:10:58.845Z [34mdebug[39m: íŠ¸ëœì­ì…˜ ì»¤ë°‹ ì™„ë£Œ
2025-03-31T03:10:58.845Z [32minfo[39m: ì†Œì„¤ ì €ì¥ ì™„ë£Œ: ëŒì—° ë¯¸ì¹˜ê²Œ ì˜ìƒê²¼ë”ë‹ˆ ì„¸ìƒì´ ì‰½ë‹¤ (ID: 13)
2025-03-31T03:11:00.983Z [32minfo[39m: ì†Œì„¤ ìƒì„¸ ì •ë³´ ê°€ì ¸ì˜¤ê¸°: ì „ì§ ëª©ì‚¬ê°€ ì´ì„¸ê³„ì—ì„œ ì‚´ì•„ê°€ëŠ” ë²•
2025-03-31T03:11:00.984Z [32minfo[39m: í˜ì´ì§€ ì´ë™: https://novel.munpia.com/418672
2025-03-31T03:11:10.071Z [34mdebug[39m: saveNovel ì‹œì‘ - ë°ì´í„°: {"title":"ì „ì§ ëª©ì‚¬ê°€ ì´ì„¸ê³„ì—ì„œ ì‚´ì•„ê°€ëŠ” ë²•","author":"ë§˜ëª¨ìŠ¤XM","genre":"íŒíƒ€ì§€, í“¨ì „","coverImageUrl":"https://cdn1.munpia.com/v2/files/cover/2024/0715/20/EYTTTDTDAAAtb.jpg","url":"https://novel.munpia.com/418672","externalId":"418672","platform":"munpia","description":"","viewCount":0,"rating":0,"reviewCount":0,"isPaid":false,"price":0,"platformGenre":"íŒíƒ€ì§€, í“¨ì „","status":"ONGOING","popularity":0}
2025-03-31T03:11:10.071Z [34mdebug[39m: ì •ê·œí™”ëœ ì œëª©: ì „ì§_ëª©ì‚¬ê°€_ì´ì„¸ê³„ì—ì„œ_ì‚´ì•„ê°€ëŠ”_ë²•, ì‘ê°€: ë§˜ëª¨ìŠ¤xm
2025-03-31T03:11:10.072Z [34mdebug[39m: ê¸°ì¡´ ì†Œì„¤ ë°œê²¬ (ID: 14), ì—…ë°ì´íŠ¸ ì‹œì‘
2025-03-31T03:11:10.072Z [34mdebug[39m: ì†Œì„¤ ê¸°ë³¸ ì •ë³´ ì—…ë°ì´íŠ¸ ì™„ë£Œ
2025-03-31T03:11:10.072Z [34mdebug[39m: í”Œë«í¼ ì •ë³´ ì²˜ë¦¬ ì‹œì‘: munpia
2025-03-31T03:11:10.073Z [34mdebug[39m: ê¸°ì¡´ í”Œë«í¼ ì •ë³´ ì—…ë°ì´íŠ¸ (ID: 15)
2025-03-31T03:11:10.073Z [34mdebug[39m: í”Œë«í¼ ì •ë³´ ì²˜ë¦¬ ì™„ë£Œ
2025-03-31T03:11:10.075Z [34mdebug[39m: íŠ¸ëœì­ì…˜ ì»¤ë°‹ ì™„ë£Œ
2025-03-31T03:11:10.075Z [32minfo[39m: ì†Œì„¤ ì €ì¥ ì™„ë£Œ: ì „ì§ ëª©ì‚¬ê°€ ì´ì„¸ê³„ì—ì„œ ì‚´ì•„ê°€ëŠ” ë²• (ID: 14)
2025-03-31T03:11:12.713Z [32minfo[39m: ì†Œì„¤ ìƒì„¸ ì •ë³´ ê°€ì ¸ì˜¤ê¸°: ì˜¤ë¹ ê°€ ì²œì¬ì˜€ë‹¤.
2025-03-31T03:11:12.714Z [32minfo[39m: í˜ì´ì§€ ì´ë™: https://novel.munpia.com/406911
2025-03-31T03:11:22.507Z [34mdebug[39m: saveNovel ì‹œì‘ - ë°ì´í„°: {"title":"ì˜¤ë¹ ê°€ ì²œì¬ì˜€ë‹¤.","author":"ì‹œí•˜","genre":"í˜„ëŒ€íŒíƒ€ì§€, ë“œë¼ë§ˆ","coverImageUrl":"https://cdn1.munpia.com/files/attach/2024/0731/004/TVBp0qtX07QeezKm.jpegtb.jpg","url":"https://novel.munpia.com/406911","externalId":"406911","platform":"munpia","description":"","viewCount":0,"rating":0,"reviewCount":0,"isPaid":false,"price":0,"platformGenre":"í˜„ëŒ€íŒíƒ€ì§€, ë“œë¼ë§ˆ","status":"ONGOING","popularity":0}
2025-03-31T03:11:22.507Z [34mdebug[39m: ì •ê·œí™”ëœ ì œëª©: ì˜¤ë¹ ê°€_ì²œì¬ì˜€ë‹¤, ì‘ê°€: ì‹œí•˜
2025-03-31T03:11:22.508Z [34mdebug[39m: ê¸°ì¡´ ì†Œì„¤ ë°œê²¬ (ID: 15), ì—…ë°ì´íŠ¸ ì‹œì‘
2025-03-31T03:11:22.509Z [34mdebug[39m: ì†Œì„¤ ê¸°ë³¸ ì •ë³´ ì—…ë°ì´íŠ¸ ì™„ë£Œ
2025-03-31T03:11:22.509Z [34mdebug[39m: í”Œë«í¼ ì •ë³´ ì²˜ë¦¬ ì‹œì‘: munpia
2025-03-31T03:11:22.509Z [34mdebug[39m: ê¸°ì¡´ í”Œë«í¼ ì •ë³´ ì—…ë°ì´íŠ¸ (ID: 16)
2025-03-31T03:11:22.509Z [34mdebug[39m: í”Œë«í¼ ì •ë³´ ì²˜ë¦¬ ì™„ë£Œ
2025-03-31T03:11:22.511Z [34mdebug[39m: íŠ¸ëœì­ì…˜ ì»¤ë°‹ ì™„ë£Œ
2025-03-31T03:11:22.512Z [32minfo[39m: ì†Œì„¤ ì €ì¥ ì™„ë£Œ: ì˜¤ë¹ ê°€ ì²œì¬ì˜€ë‹¤. (ID: 15)
2025-03-31T03:11:24.894Z [32minfo[39m: ì†Œì„¤ ìƒì„¸ ì •ë³´ ê°€ì ¸ì˜¤ê¸°: ëŒ€ì˜ì œêµ­ì˜ ìˆ¨ì€ ê±°ë¬¼ì´ ë˜ì—ˆë‹¤
2025-03-31T03:11:24.894Z [32minfo[39m: í˜ì´ì§€ ì´ë™: https://novel.munpia.com/354363
2025-03-31T03:11:34.235Z [34mdebug[39m: saveNovel ì‹œì‘ - ë°ì´í„°: {"title":"ëŒ€ì˜ì œêµ­ì˜ ìˆ¨ì€ ê±°ë¬¼ì´ ë˜ì—ˆë‹¤","author":"í­ì‹ë§ˆì™•","genre":"ëŒ€ì²´ì—­ì‚¬, ì „ìŸÂ·ë°€ë¦¬í„°ë¦¬","coverImageUrl":"https://cdn1.munpia.com/files/attach/2024/0416/004/4DKL3UwOMAqihfOl.jpgtb.jpg","url":"https://novel.munpia.com/354363","externalId":"354363","platform":"munpia","description":"","viewCount":0,"rating":0,"reviewCount":0,"isPaid":false,"price":0,"platformGenre":"ëŒ€ì²´ì—­ì‚¬, ì „ìŸÂ·ë°€ë¦¬í„°ë¦¬","status":"ONGOING","popularity":0}
2025-03-31T03:11:34.236Z [34mdebug[39m: ì •ê·œí™”ëœ ì œëª©: ëŒ€ì˜ì œêµ­ì˜_ìˆ¨ì€_ê±°ë¬¼ì´_ë˜ì—ˆë‹¤, ì‘ê°€: í­ì‹ë§ˆì™•
2025-03-31T03:11:34.237Z [34mdebug[39m: ê¸°ì¡´ ì†Œì„¤ ë°œê²¬ (ID: 16), ì—…ë°ì´íŠ¸ ì‹œì‘
2025-03-31T03:11:34.237Z [34mdebug[39m: ì†Œì„¤ ê¸°ë³¸ ì •ë³´ ì—…ë°ì´íŠ¸ ì™„ë£Œ
2025-03-31T03:11:34.237Z [34mdebug[39m: í”Œë«í¼ ì •ë³´ ì²˜ë¦¬ ì‹œì‘: munpia
2025-03-31T03:11:34.238Z [34mdebug[39m: ê¸°ì¡´ í”Œë«í¼ ì •ë³´ ì—…ë°ì´íŠ¸ (ID: 17)
2025-03-31T03:11:34.238Z [34mdebug[39m: í”Œë«í¼ ì •ë³´ ì²˜ë¦¬ ì™„ë£Œ
2025-03-31T03:11:34.240Z [34mdebug[39m: íŠ¸ëœì­ì…˜ ì»¤ë°‹ ì™„ë£Œ
2025-03-31T03:11:34.240Z [32minfo[39m: ì†Œì„¤ ì €ì¥ ì™„ë£Œ: ëŒ€ì˜ì œêµ­ì˜ ìˆ¨ì€ ê±°ë¬¼ì´ ë˜ì—ˆë‹¤ (ID: 16)
2025-03-31T03:11:36.261Z [32minfo[39m: ì†Œì„¤ ìƒì„¸ ì •ë³´ ê°€ì ¸ì˜¤ê¸°: ê²½í—˜ì¹˜ë¡œ ì´ˆì›”í•˜ëŠ” 0ë ˆë²¨ í”Œë ˆì´ì–´
2025-03-31T03:11:36.261Z [32minfo[39m: í˜ì´ì§€ ì´ë™: https://novel.munpia.com/458043
2025-03-31T03:11:46.179Z [34mdebug[39m: saveNovel ì‹œì‘ - ë°ì´í„°: {"title":"ê²½í—˜ì¹˜ë¡œ ì´ˆì›”í•˜ëŠ” 0ë ˆë²¨ í”Œë ˆì´ì–´","author":"ì¹˜íŠ¸í‚¤","genre":"í˜„ëŒ€íŒíƒ€ì§€, íŒíƒ€ì§€","coverImageUrl":"https://cdn1.munpia.com/v2/files/cover/2025/0310/14/Erb1Ip-HUAAtb.jpg","url":"https://novel.munpia.com/458043","externalId":"458043","platform":"munpia","description":"","viewCount":0,"rating":0,"reviewCount":0,"isPaid":false,"price":0,"platformGenre":"í˜„ëŒ€íŒíƒ€ì§€, íŒíƒ€ì§€","status":"ONGOING","popularity":0}
2025-03-31T03:11:46.179Z [34mdebug[39m: ì •ê·œí™”ëœ ì œëª©: ê²½í—˜ì¹˜ë¡œ_ì´ˆì›”í•˜ëŠ”_0ë ˆë²¨_í”Œë ˆì´ì–´, ì‘ê°€: ì¹˜íŠ¸í‚¤
2025-03-31T03:11:46.180Z [34mdebug[39m: ê¸°ì¡´ ì†Œì„¤ ë°œê²¬ (ID: 17), ì—…ë°ì´íŠ¸ ì‹œì‘
2025-03-31T03:11:46.181Z [34mdebug[39m: ì†Œì„¤ ê¸°ë³¸ ì •ë³´ ì—…ë°ì´íŠ¸ ì™„ë£Œ
2025-03-31T03:11:46.181Z [34mdebug[39m: í”Œë«í¼ ì •ë³´ ì²˜ë¦¬ ì‹œì‘: munpia
2025-03-31T03:11:46.181Z [34mdebug[39m: ê¸°ì¡´ í”Œë«í¼ ì •ë³´ ì—…ë°ì´íŠ¸ (ID: 18)
2025-03-31T03:11:46.182Z [34mdebug[39m: í”Œë«í¼ ì •ë³´ ì²˜ë¦¬ ì™„ë£Œ
2025-03-31T03:11:46.184Z [34mdebug[39m: íŠ¸ëœì­ì…˜ ì»¤ë°‹ ì™„ë£Œ
2025-03-31T03:11:46.184Z [32minfo[39m: ì†Œì„¤ ì €ì¥ ì™„ë£Œ: ê²½í—˜ì¹˜ë¡œ ì´ˆì›”í•˜ëŠ” 0ë ˆë²¨ í”Œë ˆì´ì–´ (ID: 17)
2025-03-31T03:11:49.042Z [32minfo[39m: ì†Œì„¤ ìƒì„¸ ì •ë³´ ê°€ì ¸ì˜¤ê¸°: ì•„ê³µê°„ ìŠˆí¼ë§ˆì¼“ì— ì–´ì„œì˜¤ì„¸ìš”
2025-03-31T03:11:49.042Z [32minfo[39m: í˜ì´ì§€ ì´ë™: https://novel.munpia.com/457490
2025-03-31T03:11:59.738Z [34mdebug[39m: saveNovel ì‹œì‘ - ë°ì´í„°: {"title":"ì•„ê³µê°„ ìŠˆí¼ë§ˆì¼“ì— ì–´ì„œì˜¤ì„¸ìš”","author":"ì •ì„ì—°ì¬","genre":"í˜„ëŒ€íŒíƒ€ì§€, í“¨ì „","coverImageUrl":"https://cdn1.munpia.com/v2/files/tcover/2025/0206/23/Eo40eoPvIAAtb.jpg","url":"https://novel.munpia.com/457490","externalId":"457490","platform":"munpia","description":"","viewCount":0,"rating":0,"reviewCount":0,"isPaid":false,"price":0,"platformGenre":"í˜„ëŒ€íŒíƒ€ì§€, í“¨ì „","status":"ONGOING","popularity":0}
2025-03-31T03:11:59.738Z [34mdebug[39m: ì •ê·œí™”ëœ ì œëª©: ì•„ê³µê°„_ìŠˆí¼ë§ˆì¼“ì—_ì–´ì„œì˜¤ì„¸ìš”, ì‘ê°€: ì •ì„ì—°ì¬
2025-03-31T03:11:59.739Z [34mdebug[39m: ê¸°ì¡´ ì†Œì„¤ ë°œê²¬ (ID: 18), ì—…ë°ì´íŠ¸ ì‹œì‘
2025-03-31T03:11:59.739Z [34mdebug[39m: ì†Œì„¤ ê¸°ë³¸ ì •ë³´ ì—…ë°ì´íŠ¸ ì™„ë£Œ
2025-03-31T03:11:59.740Z [34mdebug[39m: í”Œë«í¼ ì •ë³´ ì²˜ë¦¬ ì‹œì‘: munpia
2025-03-31T03:11:59.740Z [34mdebug[39m: ê¸°ì¡´ í”Œë«í¼ ì •ë³´ ì—…ë°ì´íŠ¸ (ID: 19)
2025-03-31T03:11:59.741Z [34mdebug[39m: í”Œë«í¼ ì •ë³´ ì²˜ë¦¬ ì™„ë£Œ
2025-03-31T03:11:59.743Z [34mdebug[39m: íŠ¸ëœì­ì…˜ ì»¤ë°‹ ì™„ë£Œ
2025-03-31T03:11:59.743Z [32minfo[39m: ì†Œì„¤ ì €ì¥ ì™„ë£Œ: ì•„ê³µê°„ ìŠˆí¼ë§ˆì¼“ì— ì–´ì„œì˜¤ì„¸ìš” (ID: 18)
2025-03-31T03:12:02.608Z [32minfo[39m: ì†Œì„¤ ìƒì„¸ ì •ë³´ ê°€ì ¸ì˜¤ê¸°: ì²œì¬ ë‰´ë¹„ì˜ í¡ìˆ˜ìˆ˜ì„ ì „
2025-03-31T03:12:02.608Z [32minfo[39m: í˜ì´ì§€ ì´ë™: https://novel.munpia.com/454166
2025-03-31T03:12:11.025Z [34mdebug[39m: saveNovel ì‹œì‘ - ë°ì´í„°: {"title":"ì²œì¬ ë‰´ë¹„ì˜ í¡ìˆ˜ìˆ˜ì„ ì „","author":"ë§ë£¡(èŸ’é¾)","genre":"ë¬´í˜‘, í“¨ì „","coverImageUrl":"https://cdn1.munpia.com/v2/files/tcover/2025/0217/13/EpvbqAOK4AAtb.jpg","url":"https://novel.munpia.com/454166","externalId":"454166","platform":"munpia","description":"","viewCount":0,"rating":0,"reviewCount":0,"isPaid":false,"price":0,"platformGenre":"ë¬´í˜‘, í“¨ì „","status":"ONGOING","popularity":0}
2025-03-31T03:12:11.025Z [34mdebug[39m: ì •ê·œí™”ëœ ì œëª©: ì²œì¬_ë‰´ë¹„ì˜_í¡ìˆ˜ìˆ˜ì„ ì „, ì‘ê°€: ë§ë£¡
2025-03-31T03:12:11.026Z [34mdebug[39m: ê¸°ì¡´ ì†Œì„¤ ë°œê²¬ (ID: 19), ì—…ë°ì´íŠ¸ ì‹œì‘
2025-03-31T03:12:11.026Z [34mdebug[39m: ì†Œì„¤ ê¸°ë³¸ ì •ë³´ ì—…ë°ì´íŠ¸ ì™„ë£Œ
2025-03-31T03:12:11.027Z [34mdebug[39m: í”Œë«í¼ ì •ë³´ ì²˜ë¦¬ ì‹œì‘: munpia
2025-03-31T03:12:11.027Z [34mdebug[39m: ê¸°ì¡´ í”Œë«í¼ ì •ë³´ ì—…ë°ì´íŠ¸ (ID: 20)
2025-03-31T03:12:11.027Z [34mdebug[39m: í”Œë«í¼ ì •ë³´ ì²˜ë¦¬ ì™„ë£Œ
2025-03-31T03:12:11.029Z [34mdebug[39m: íŠ¸ëœì­ì…˜ ì»¤ë°‹ ì™„ë£Œ
2025-03-31T03:12:11.029Z [32minfo[39m: ì†Œì„¤ ì €ì¥ ì™„ë£Œ: ì²œì¬ ë‰´ë¹„ì˜ í¡ìˆ˜ìˆ˜ì„ ì „ (ID: 19)
2025-03-31T03:12:13.547Z [32minfo[39m: ì†Œì„¤ ìƒì„¸ ì •ë³´ ê°€ì ¸ì˜¤ê¸°: ë°©ì†¡ì²œì¬ê°€ ë¼ì´ë¸Œë¡œ ì‚¬ê±´ì„ í•´ê²°í•¨
2025-03-31T03:12:13.547Z [32minfo[39m: í˜ì´ì§€ ì´ë™: https://novel.munpia.com/455487
2025-03-31T03:12:23.808Z [34mdebug[39m: saveNovel ì‹œì‘ - ë°ì´í„°: {"title":"ë°©ì†¡ì²œì¬ê°€ ë¼ì´ë¸Œë¡œ ì‚¬ê±´ì„ í•´ê²°í•¨","author":"ì¥ì„±í•„","genre":"í˜„ëŒ€íŒíƒ€ì§€","coverImageUrl":"https://cdn1.munpia.com/v2/files/cover/2025/0322/15/EsZs49FYkAAtb.jpg","url":"https://novel.munpia.com/455487","externalId":"455487","platform":"munpia","description":"","viewCount":0,"rating":0,"reviewCount":0,"isPaid":false,"price":0,"platformGenre":"í˜„ëŒ€íŒíƒ€ì§€","status":"ONGOING","popularity":0}
2025-03-31T03:12:23.808Z [34mdebug[39m: ì •ê·œí™”ëœ ì œëª©: ë°©ì†¡ì²œì¬ê°€_ë¼ì´ë¸Œë¡œ_ì‚¬ê±´ì„_í•´ê²°í•¨, ì‘ê°€: ì¥ì„±í•„
2025-03-31T03:12:23.809Z [34mdebug[39m: ê¸°ì¡´ ì†Œì„¤ ë°œê²¬ (ID: 20), ì—…ë°ì´íŠ¸ ì‹œì‘
2025-03-31T03:12:23.809Z [34mdebug[39m: ì†Œì„¤ ê¸°ë³¸ ì •ë³´ ì—…ë°ì´íŠ¸ ì™„ë£Œ
2025-03-31T03:12:23.810Z [34mdebug[39m: í”Œë«í¼ ì •ë³´ ì²˜ë¦¬ ì‹œì‘: munpia
2025-03-31T03:12:23.810Z [34mdebug[39m: ê¸°ì¡´ í”Œë«í¼ ì •ë³´ ì—…ë°ì´íŠ¸ (ID: 21)
2025-03-31T03:12:23.810Z [34mdebug[39m: í”Œë«í¼ ì •ë³´ ì²˜ë¦¬ ì™„ë£Œ
2025-03-31T03:12:23.812Z [34mdebug[39m: íŠ¸ëœì­ì…˜ ì»¤ë°‹ ì™„ë£Œ
2025-03-31T03:12:23.812Z [32minfo[39m: ì†Œì„¤ ì €ì¥ ì™„ë£Œ: ë°©ì†¡ì²œì¬ê°€ ë¼ì´ë¸Œë¡œ ì‚¬ê±´ì„ í•´ê²°í•¨ (ID: 20)
2025-03-31T03:12:26.511Z [32minfo[39m: ì†Œì„¤ ìƒì„¸ ì •ë³´ ê°€ì ¸ì˜¤ê¸°: íëŸ¬ê°€ ë¬´ë¦¼ì—ì„œ ì‚´ì•„ê°€ëŠ” ë²•
2025-03-31T03:12:26.512Z [32minfo[39m: í˜ì´ì§€ ì´ë™: https://novel.munpia.com/456968
2025-03-31T03:12:36.283Z [34mdebug[39m: saveNovel ì‹œì‘ - ë°ì´í„°: {"title":"íëŸ¬ê°€ ë¬´ë¦¼ì—ì„œ ì‚´ì•„ê°€ëŠ” ë²•","author":"ìœ ì„œëŒ","genre":"ë¬´í˜‘, í“¨ì „","coverImageUrl":"https://cdn1.munpia.com/v2/files/cover/2025/0306/02/ErEnMC5AcAAtb.jpg","url":"https://novel.munpia.com/456968","externalId":"456968","platform":"munpia","description":"","viewCount":0,"rating":0,"reviewCount":0,"isPaid":false,"price":0,"platformGenre":"ë¬´í˜‘, í“¨ì „","status":"ONGOING","popularity":0}
2025-03-31T03:12:36.283Z [34mdebug[39m: ì •ê·œí™”ëœ ì œëª©: íëŸ¬ê°€_ë¬´ë¦¼ì—ì„œ_ì‚´ì•„ê°€ëŠ”_ë²•, ì‘ê°€: ìœ ì„œëŒ
2025-03-31T03:12:36.284Z [34mdebug[39m: ê¸°ì¡´ ì†Œì„¤ ë°œê²¬ (ID: 21), ì—…ë°ì´íŠ¸ ì‹œì‘
2025-03-31T03:12:36.285Z [34mdebug[39m: ì†Œì„¤ ê¸°ë³¸ ì •ë³´ ì—…ë°ì´íŠ¸ ì™„ë£Œ
2025-03-31T03:12:36.285Z [34mdebug[39m: í”Œë«í¼ ì •ë³´ ì²˜ë¦¬ ì‹œì‘: munpia
2025-03-31T03:12:36.286Z [34mdebug[39m: ê¸°ì¡´ í”Œë«í¼ ì •ë³´ ì—…ë°ì´íŠ¸ (ID: 22)
2025-03-31T03:12:36.286Z [34mdebug[39m: í”Œë«í¼ ì •ë³´ ì²˜ë¦¬ ì™„ë£Œ
2025-03-31T03:12:36.288Z [34mdebug[39m: íŠ¸ëœì­ì…˜ ì»¤ë°‹ ì™„ë£Œ
2025-03-31T03:12:36.289Z [32minfo[39m: ì†Œì„¤ ì €ì¥ ì™„ë£Œ: íëŸ¬ê°€ ë¬´ë¦¼ì—ì„œ ì‚´ì•„ê°€ëŠ” ë²• (ID: 21)
2025-03-31T03:12:39.100Z [32minfo[39m: ì†Œì„¤ ìƒì„¸ ì •ë³´ ê°€ì ¸ì˜¤ê¸°: ê·€í™˜í–ˆë”ë‹ˆ íƒ‘ê³µëµì´ ë„ˆë¬´ ì‰½ë‹¤
2025-03-31T03:12:39.100Z [32minfo[39m: í˜ì´ì§€ ì´ë™: https://novel.munpia.com/453862
2025-03-31T03:12:49.134Z [34mdebug[39m: saveNovel ì‹œì‘ - ë°ì´í„°: {"title":"ê·€í™˜í–ˆë”ë‹ˆ íƒ‘ê³µëµì´ ë„ˆë¬´ ì‰½ë‹¤","author":"ë†êµ¬ê´‘â„¢","genre":"í˜„ëŒ€íŒíƒ€ì§€, í“¨ì „","coverImageUrl":"https://cdn1.munpia.com/v2/files/cover/2025/0225/22/EqamaiWwgAAtb.jpg","url":"https://novel.munpia.com/453862","externalId":"453862","platform":"munpia","description":"","viewCount":0,"rating":0,"reviewCount":0,"isPaid":false,"price":0,"platformGenre":"í˜„ëŒ€íŒíƒ€ì§€, í“¨ì „","status":"ONGOING","popularity":0}
2025-03-31T03:12:49.134Z [34mdebug[39m: ì •ê·œí™”ëœ ì œëª©: ê·€í™˜í–ˆë”ë‹ˆ_íƒ‘ê³µëµì´_ë„ˆë¬´_ì‰½ë‹¤, ì‘ê°€: ë†êµ¬ê´‘
2025-03-31T03:12:49.135Z [34mdebug[39m: ê¸°ì¡´ ì†Œì„¤ ë°œê²¬ (ID: 22), ì—…ë°ì´íŠ¸ ì‹œì‘
2025-03-31T03:12:49.135Z [34mdebug[39m: ì†Œì„¤ ê¸°ë³¸ ì •ë³´ ì—…ë°ì´íŠ¸ ì™„ë£Œ
2025-03-31T03:12:49.135Z [34mdebug[39m: í”Œë«í¼ ì •ë³´ ì²˜ë¦¬ ì‹œì‘: munpia
2025-03-31T03:12:49.136Z [34mdebug[39m: ê¸°ì¡´ í”Œë«í¼ ì •ë³´ ì—…ë°ì´íŠ¸ (ID: 23)
2025-03-31T03:12:49.136Z [34mdebug[39m: í”Œë«í¼ ì •ë³´ ì²˜ë¦¬ ì™„ë£Œ
2025-03-31T03:12:49.138Z [34mdebug[39m: íŠ¸ëœì­ì…˜ ì»¤ë°‹ ì™„ë£Œ
2025-03-31T03:12:49.138Z [32minfo[39m: ì†Œì„¤ ì €ì¥ ì™„ë£Œ: ê·€í™˜í–ˆë”ë‹ˆ íƒ‘ê³µëµì´ ë„ˆë¬´ ì‰½ë‹¤ (ID: 22)
2025-03-31T03:12:51.580Z [32minfo[39m: munpia í¬ë¡¤ë§ ì™„ë£Œ, ìƒíƒœ: COMPLETED
2025-03-31T03:21:48.267Z [32minfo[39m: ì„œë²„ ì¢…ë£Œ ì¤‘...
